[14:47:53] [main/INFO] (FabricLoader) Loading for game Minecraft 20w19a
[14:47:53] [main/DEBUG] (FabricLoader) Requesting deobfuscation of minecraft-20w19a-mapped-net.fabricmc.yarn-20w19a+build.4-v2.jar
[14:47:53] [main/DEBUG] (FabricLoader) [Knot] Proposed file:/C:/Users/Administrator/.gradle/caches/fabric-loom/20w19a-mapped-net.fabricmc.yarn-20w19a+build.4-v2/minecraft-20w19a-mapped-net.fabricmc.yarn-20w19a+build.4-v2.jar to classpath.
[14:47:53] [main/DEBUG] (FabricLoader|EntrypointTransformer) Found game constructor: net.minecraft.client.main.Main -> net.minecraft.client.MinecraftClient
[14:47:53] [main/DEBUG] (FabricLoader|EntrypointTransformer) Patching game constructor <init>(Lnet/minecraft/client/RunArgs;)V
[14:47:53] [main/DEBUG] (FabricLoader|EntrypointTransformer) Run directory field is thought to be net/minecraft/client/MinecraftClient/runDirectory
[14:47:53] [main/DEBUG] (FabricLoader|EntrypointTransformer) Applying brand name hook to net/minecraft/client/ClientBrandRetriever::getClientModName
[14:47:53] [main/DEBUG] (FabricLoader|EntrypointTransformer) Applying brand name hook to net/minecraft/server/MinecraftServer::getServerModName
[14:47:53] [main/DEBUG] (FabricLoader|EntrypointTransformer) [EntrypointTransformer] Patched 3 classes.
[14:47:54] [main/DEBUG] (Fabric|Loader) [ClasspathModCandidateFinder] Adding dev classpath directories to classpath.
[14:47:54] [main/DEBUG] (Fabric|Loader) [ClasspathModCandidateFinder] Processing /E:/minecraft/plugins/antennae1.12/out/production/antennae1.12/
[14:47:54] [main/DEBUG] (Fabric|Loader) [ClasspathModCandidateFinder] Processing /E:/minecraft/plugins/antennae1.12/.gradle/loom-cache/remapped_mods/fabric-containers-v0-0.1.7+d249f7b6d2@net.fabricmc.yarn.20w19a.20w19a+build.4-v2.jar
[14:47:54] [main/DEBUG] (Fabric|Loader) [ClasspathModCandidateFinder] Processing /E:/minecraft/plugins/antennae1.12/.gradle/loom-cache/remapped_mods/fabric-rendering-v0-1.1.0+53410490d2@net.fabricmc.yarn.20w19a.20w19a+build.4-v2.jar
[14:47:54] [main/DEBUG] (Fabric|Loader) [ClasspathModCandidateFinder] Processing /E:/minecraft/plugins/antennae1.12/.gradle/loom-cache/remapped_mods/fabric-models-v0-0.1.0+dfdb52d6d2@net.fabricmc.yarn.20w19a.20w19a+build.4-v2.jar
[14:47:54] [main/DEBUG] (Fabric|Loader) [ClasspathModCandidateFinder] Processing /E:/minecraft/plugins/antennae1.12/.gradle/loom-cache/remapped_mods/fabric-events-interaction-v0-0.3.0+04b99794d2@net.fabricmc.yarn.20w19a.20w19a+build.4-v2.jar
[14:47:54] [main/DEBUG] (Fabric|Loader) [ClasspathModCandidateFinder] Processing /E:/minecraft/plugins/antennae1.12/.gradle/loom-cache/remapped_mods/fabric-item-groups-v0-0.1.12+63435d4bd2@net.fabricmc.yarn.20w19a.20w19a+build.4-v2.jar
[14:47:54] [main/DEBUG] (Fabric|Loader) [ClasspathModCandidateFinder] Processing /E:/minecraft/plugins/antennae1.12/.gradle/loom-cache/remapped_mods/fabric-renderer-api-v1-0.2.13+84cce57fd2@net.fabricmc.yarn.20w19a.20w19a+build.4-v2.jar
[14:47:54] [main/DEBUG] (Fabric|Loader) [ClasspathModCandidateFinder] Processing /E:/minecraft/plugins/antennae1.12/.gradle/loom-cache/remapped_mods/fabric-biomes-v1-0.2.2+2fd224cad2@net.fabricmc.yarn.20w19a.20w19a+build.4-v2.jar
[14:47:54] [main/DEBUG] (Fabric|Loader) [ClasspathModCandidateFinder] Processing /E:/minecraft/plugins/antennae1.12/.gradle/loom-cache/remapped_mods/fabric-loot-tables-v1-0.1.6+2f56dff2d2@net.fabricmc.yarn.20w19a.20w19a+build.4-v2.jar
[14:47:54] [main/DEBUG] (Fabric|Loader) [ClasspathModCandidateFinder] Processing /E:/minecraft/plugins/antennae1.12/.gradle/loom-cache/remapped_mods/fabric-textures-v0-1.0.4+821cdba7d2@net.fabricmc.yarn.20w19a.20w19a+build.4-v2.jar
[14:47:54] [main/DEBUG] (Fabric|Loader) [ClasspathModCandidateFinder] Processing /E:/minecraft/plugins/antennae1.12/.gradle/loom-cache/remapped_mods/fabric-resource-loader-v0-0.1.14+2fd224cad2@net.fabricmc.yarn.20w19a.20w19a+build.4-v2.jar
[14:47:54] [main/DEBUG] (Fabric|Loader) [ClasspathModCandidateFinder] Processing /E:/minecraft/plugins/antennae1.12/.gradle/loom-cache/remapped_mods/fabric-networking-blockentity-v0-0.2.5+b50ffc7bd2@net.fabricmc.yarn.20w19a.20w19a+build.4-v2.jar
[14:47:54] [main/DEBUG] (Fabric|Loader) [ClasspathModCandidateFinder] Processing /E:/minecraft/plugins/antennae1.12/.gradle/loom-cache/remapped_mods/fabric-api-0.10.5+build.341-1.16@net.fabricmc.yarn.20w19a.20w19a+build.4-v2.jar
[14:47:54] [main/DEBUG] (Fabric|Loader) [ClasspathModCandidateFinder] Processing /E:/minecraft/plugins/antennae1.12/.gradle/loom-cache/remapped_mods/fabric-mining-levels-v0-0.1.2+b764ce99d2@net.fabricmc.yarn.20w19a.20w19a+build.4-v2.jar
[14:47:54] [main/DEBUG] (Fabric|Loader) [ClasspathModCandidateFinder] Processing /E:/minecraft/plugins/antennae1.12/.gradle/loom-cache/remapped_mods/fabric-networking-v0-0.1.9+1a47cd78d2@net.fabricmc.yarn.20w19a.20w19a+build.4-v2.jar
[14:47:54] [main/DEBUG] (Fabric|Loader) [ClasspathModCandidateFinder] Processing /E:/minecraft/plugins/antennae1.12/.gradle/loom-cache/remapped_mods/fabric-registry-sync-v0-0.3.1+686e6e57d2@net.fabricmc.yarn.20w19a.20w19a+build.4-v2.jar
[14:47:54] [main/DEBUG] (Fabric|Loader) [ClasspathModCandidateFinder] Processing /E:/minecraft/plugins/antennae1.12/.gradle/loom-cache/remapped_mods/fabric-rendering-v1-1.1.0+304e48ebd2@net.fabricmc.yarn.20w19a.20w19a+build.4-v2.jar
[14:47:54] [main/DEBUG] (Fabric|Loader) [ClasspathModCandidateFinder] Processing /E:/minecraft/plugins/antennae1.12/.gradle/loom-cache/remapped_mods/fabric-object-builder-api-v1-1.1.0+84cce57fd2@net.fabricmc.yarn.20w19a.20w19a+build.4-v2.jar
[14:47:54] [main/DEBUG] (Fabric|Loader) [ClasspathModCandidateFinder] Processing /E:/minecraft/plugins/antennae1.12/.gradle/loom-cache/remapped_mods/fabric-tag-extensions-v0-0.2.4+2fd224cad2@net.fabricmc.yarn.20w19a.20w19a+build.4-v2.jar
[14:47:54] [main/DEBUG] (Fabric|Loader) [ClasspathModCandidateFinder] Processing /E:/minecraft/plugins/antennae1.12/.gradle/loom-cache/remapped_mods/fabric-keybindings-v0-0.1.1+dfdb52d6d2@net.fabricmc.yarn.20w19a.20w19a+build.4-v2.jar
[14:47:54] [main/DEBUG] (Fabric|Loader) [ClasspathModCandidateFinder] Processing /E:/minecraft/plugins/antennae1.12/.gradle/loom-cache/remapped_mods/fabric-rendering-data-attachment-v1-0.1.3+b7f9825dd2@net.fabricmc.yarn.20w19a.20w19a+build.4-v2.jar
[14:47:54] [main/DEBUG] (Fabric|Loader) [ClasspathModCandidateFinder] Processing /E:/minecraft/plugins/antennae1.12/.gradle/loom-cache/remapped_mods/fabric-renderer-indigo-0.2.29+6c0e72dfd2@net.fabricmc.yarn.20w19a.20w19a+build.4-v2.jar
[14:47:54] [main/DEBUG] (Fabric|Loader) [ClasspathModCandidateFinder] Processing /E:/minecraft/plugins/antennae1.12/.gradle/loom-cache/remapped_mods/fabric-blockrenderlayer-v1-1.1.4+c6a8ea89d2@net.fabricmc.yarn.20w19a.20w19a+build.4-v2.jar
[14:47:54] [main/DEBUG] (Fabric|Loader) [ClasspathModCandidateFinder] Processing /E:/minecraft/plugins/antennae1.12/.gradle/loom-cache/remapped_mods/fabric-particles-v1-0.1.2+12a8474cd2@net.fabricmc.yarn.20w19a.20w19a+build.4-v2.jar
[14:47:54] [main/DEBUG] (Fabric|Loader) [ClasspathModCandidateFinder] Processing /E:/minecraft/plugins/antennae1.12/.gradle/loom-cache/remapped_mods/fabric-content-registries-v0-0.1.5+88afe607d2@net.fabricmc.yarn.20w19a.20w19a+build.4-v2.jar
[14:47:54] [main/DEBUG] (Fabric|Loader) [ClasspathModCandidateFinder] Processing /E:/minecraft/plugins/antennae1.12/.gradle/loom-cache/remapped_mods/fabric-api-base-0.1.3+12a8474cd2@net.fabricmc.yarn.20w19a.20w19a+build.4-v2.jar
[14:47:54] [ForkJoinPool-1-worker-1/DEBUG] (Fabric|Loader) Testing file:/E:/minecraft/plugins/antennae1.12/out/production/antennae1.12/
[14:47:54] [main/DEBUG] (Fabric|Loader) [ClasspathModCandidateFinder] Processing /E:/minecraft/plugins/antennae1.12/.gradle/loom-cache/remapped_mods/fabric-renderer-registries-v1-2.0.1+5a0f9a60d2@net.fabricmc.yarn.20w19a.20w19a+build.4-v2.jar
[14:47:54] [main/DEBUG] (Fabric|Loader) [ClasspathModCandidateFinder] Processing /E:/minecraft/plugins/antennae1.12/.gradle/loom-cache/remapped_mods/fabric-crash-report-info-v1-0.1.2+b7f9825dd2@net.fabricmc.yarn.20w19a.20w19a+build.4-v2.jar
[14:47:54] [main/DEBUG] (Fabric|Loader) [ClasspathModCandidateFinder] Processing /E:/minecraft/plugins/antennae1.12/.gradle/loom-cache/remapped_mods/fabric-command-api-v1-1.0.1+fcb6b9aad2@net.fabricmc.yarn.20w19a.20w19a+build.4-v2.jar
[14:47:54] [main/DEBUG] (Fabric|Loader) [ClasspathModCandidateFinder] Processing /E:/minecraft/plugins/antennae1.12/.gradle/loom-cache/remapped_mods/fabric-tool-attribute-api-v1-1.0.4+fa840743d2@net.fabricmc.yarn.20w19a.20w19a+build.4-v2.jar
[14:47:54] [main/DEBUG] (Fabric|Loader) [ClasspathModCandidateFinder] Processing /E:/minecraft/plugins/antennae1.12/.gradle/loom-cache/remapped_mods/fabric-commands-v0-0.2.0+52d30836d2@net.fabricmc.yarn.20w19a.20w19a+build.4-v2.jar
[14:47:54] [main/DEBUG] (Fabric|Loader) [ClasspathModCandidateFinder] Processing /E:/minecraft/plugins/antennae1.12/.gradle/loom-cache/remapped_mods/fabric-rendering-fluids-v1-0.1.7+12a8474cd2@net.fabricmc.yarn.20w19a.20w19a+build.4-v2.jar
[14:47:54] [main/DEBUG] (Fabric|Loader) [ClasspathModCandidateFinder] Processing /E:/minecraft/plugins/antennae1.12/.gradle/loom-cache/remapped_mods/fabric-object-builders-v0-0.5.0+bf7c167ad2@net.fabricmc.yarn.20w19a.20w19a+build.4-v2.jar
[14:47:54] [main/DEBUG] (Fabric|Loader) [ClasspathModCandidateFinder] Processing /E:/minecraft/plugins/antennae1.12/.gradle/loom-cache/remapped_mods/fabric-loader-0.8.2+build.194@net.fabricmc.yarn.20w19a.20w19a+build.4-v2.jar
[14:47:54] [main/DEBUG] (Fabric|Loader) [ClasspathModCandidateFinder] Processing /E:/minecraft/plugins/antennae1.12/.gradle/loom-cache/remapped_mods/fabric-events-lifecycle-v0-0.1.2+1a47cd78d2@net.fabricmc.yarn.20w19a.20w19a+build.4-v2.jar
[14:47:54] [main/DEBUG] (Fabric|Loader) [ClasspathModCandidateFinder] Processing /E:/minecraft/plugins/antennae1.12/.gradle/loom-cache/remapped_mods/fabric-dimensions-v1-0.4.1+686e6e57d2@net.fabricmc.yarn.20w19a.20w19a+build.4-v2.jar
[14:47:54] [ForkJoinPool-1-worker-2/DEBUG] (Fabric|Loader) Testing file:/E:/minecraft/plugins/antennae1.12/.gradle/loom-cache/remapped_mods/fabric-containers-v0-0.1.7+d249f7b6d2@net.fabricmc.yarn.20w19a.20w19a+build.4-v2.jar
[14:47:54] [ForkJoinPool-1-worker-3/DEBUG] (Fabric|Loader) Testing file:/E:/minecraft/plugins/antennae1.12/.gradle/loom-cache/remapped_mods/fabric-rendering-v0-1.1.0+53410490d2@net.fabricmc.yarn.20w19a.20w19a+build.4-v2.jar
[14:47:54] [ForkJoinPool-1-worker-3/DEBUG] (Fabric|Loader) Adding file:/E:/minecraft/plugins/antennae1.12/.gradle/loom-cache/remapped_mods/fabric-rendering-v0-1.1.0+53410490d2@net.fabricmc.yarn.20w19a.20w19a+build.4-v2.jar as ModCandidate{fabric-rendering-v0@1.1.0+53410490d2}
[14:47:54] [ForkJoinPool-1-worker-1/DEBUG] (Fabric|Loader) Adding file:/E:/minecraft/plugins/antennae1.12/out/production/antennae1.12/ as ModCandidate{antennae@1.2.2}
[14:47:54] [ForkJoinPool-1-worker-2/DEBUG] (Fabric|Loader) Adding file:/E:/minecraft/plugins/antennae1.12/.gradle/loom-cache/remapped_mods/fabric-containers-v0-0.1.7+d249f7b6d2@net.fabricmc.yarn.20w19a.20w19a+build.4-v2.jar as ModCandidate{fabric-containers-v0@0.1.7+d249f7b6d2}
[14:47:54] [ForkJoinPool-1-worker-3/DEBUG] (Fabric|Loader) Searching for nested JARs in ModCandidate{fabric-rendering-v0@1.1.0+53410490d2}
[14:47:54] [ForkJoinPool-1-worker-2/DEBUG] (Fabric|Loader) Searching for nested JARs in ModCandidate{fabric-containers-v0@0.1.7+d249f7b6d2}
[14:47:54] [ForkJoinPool-1-worker-3/DEBUG] (Fabric|Loader) Testing file:/E:/minecraft/plugins/antennae1.12/.gradle/loom-cache/remapped_mods/fabric-models-v0-0.1.0+dfdb52d6d2@net.fabricmc.yarn.20w19a.20w19a+build.4-v2.jar
[14:47:54] [ForkJoinPool-1-worker-2/DEBUG] (Fabric|Loader) Testing file:/E:/minecraft/plugins/antennae1.12/.gradle/loom-cache/remapped_mods/fabric-events-interaction-v0-0.3.0+04b99794d2@net.fabricmc.yarn.20w19a.20w19a+build.4-v2.jar
[14:47:54] [ForkJoinPool-1-worker-3/DEBUG] (Fabric|Loader) Adding file:/E:/minecraft/plugins/antennae1.12/.gradle/loom-cache/remapped_mods/fabric-models-v0-0.1.0+dfdb52d6d2@net.fabricmc.yarn.20w19a.20w19a+build.4-v2.jar as ModCandidate{fabric-models-v0@0.1.0+dfdb52d6d2}
[14:47:54] [ForkJoinPool-1-worker-3/DEBUG] (Fabric|Loader) Searching for nested JARs in ModCandidate{fabric-models-v0@0.1.0+dfdb52d6d2}
[14:47:54] [ForkJoinPool-1-worker-3/DEBUG] (Fabric|Loader) Testing file:/E:/minecraft/plugins/antennae1.12/.gradle/loom-cache/remapped_mods/fabric-item-groups-v0-0.1.12+63435d4bd2@net.fabricmc.yarn.20w19a.20w19a+build.4-v2.jar
[14:47:54] [ForkJoinPool-1-worker-2/DEBUG] (Fabric|Loader) Adding file:/E:/minecraft/plugins/antennae1.12/.gradle/loom-cache/remapped_mods/fabric-events-interaction-v0-0.3.0+04b99794d2@net.fabricmc.yarn.20w19a.20w19a+build.4-v2.jar as ModCandidate{fabric-events-interaction-v0@0.3.0+04b99794d2}
[14:47:54] [ForkJoinPool-1-worker-2/DEBUG] (Fabric|Loader) Searching for nested JARs in ModCandidate{fabric-events-interaction-v0@0.3.0+04b99794d2}
[14:47:54] [ForkJoinPool-1-worker-2/DEBUG] (Fabric|Loader) Testing file:/E:/minecraft/plugins/antennae1.12/.gradle/loom-cache/remapped_mods/fabric-renderer-api-v1-0.2.13+84cce57fd2@net.fabricmc.yarn.20w19a.20w19a+build.4-v2.jar
[14:47:54] [ForkJoinPool-1-worker-1/DEBUG] (Fabric|Loader) Searching for nested JARs in ModCandidate{antennae@1.2.2}
[14:47:54] [ForkJoinPool-1-worker-1/DEBUG] (Fabric|Loader) Testing file:/E:/minecraft/plugins/antennae1.12/.gradle/loom-cache/remapped_mods/fabric-biomes-v1-0.2.2+2fd224cad2@net.fabricmc.yarn.20w19a.20w19a+build.4-v2.jar
[14:47:54] [ForkJoinPool-1-worker-3/DEBUG] (Fabric|Loader) Adding file:/E:/minecraft/plugins/antennae1.12/.gradle/loom-cache/remapped_mods/fabric-item-groups-v0-0.1.12+63435d4bd2@net.fabricmc.yarn.20w19a.20w19a+build.4-v2.jar as ModCandidate{fabric-item-groups-v0@0.1.12+63435d4bd2}
[14:47:54] [ForkJoinPool-1-worker-3/DEBUG] (Fabric|Loader) Searching for nested JARs in ModCandidate{fabric-item-groups-v0@0.1.12+63435d4bd2}
[14:47:54] [ForkJoinPool-1-worker-3/DEBUG] (Fabric|Loader) Testing file:/E:/minecraft/plugins/antennae1.12/.gradle/loom-cache/remapped_mods/fabric-loot-tables-v1-0.1.6+2f56dff2d2@net.fabricmc.yarn.20w19a.20w19a+build.4-v2.jar
[14:47:54] [ForkJoinPool-1-worker-1/DEBUG] (Fabric|Loader) Adding file:/E:/minecraft/plugins/antennae1.12/.gradle/loom-cache/remapped_mods/fabric-biomes-v1-0.2.2+2fd224cad2@net.fabricmc.yarn.20w19a.20w19a+build.4-v2.jar as ModCandidate{fabric-biomes-v1@0.2.2+2fd224cad2}
[14:47:54] [ForkJoinPool-1-worker-1/DEBUG] (Fabric|Loader) Searching for nested JARs in ModCandidate{fabric-biomes-v1@0.2.2+2fd224cad2}
[14:47:54] [ForkJoinPool-1-worker-1/DEBUG] (Fabric|Loader) Testing file:/E:/minecraft/plugins/antennae1.12/.gradle/loom-cache/remapped_mods/fabric-textures-v0-1.0.4+821cdba7d2@net.fabricmc.yarn.20w19a.20w19a+build.4-v2.jar
[14:47:54] [ForkJoinPool-1-worker-2/DEBUG] (Fabric|Loader) Adding file:/E:/minecraft/plugins/antennae1.12/.gradle/loom-cache/remapped_mods/fabric-renderer-api-v1-0.2.13+84cce57fd2@net.fabricmc.yarn.20w19a.20w19a+build.4-v2.jar as ModCandidate{fabric-renderer-api-v1@0.2.13+84cce57fd2}
[14:47:54] [ForkJoinPool-1-worker-2/DEBUG] (Fabric|Loader) Searching for nested JARs in ModCandidate{fabric-renderer-api-v1@0.2.13+84cce57fd2}
[14:47:54] [ForkJoinPool-1-worker-2/DEBUG] (Fabric|Loader) Testing file:/E:/minecraft/plugins/antennae1.12/.gradle/loom-cache/remapped_mods/fabric-resource-loader-v0-0.1.14+2fd224cad2@net.fabricmc.yarn.20w19a.20w19a+build.4-v2.jar
[14:47:54] [ForkJoinPool-1-worker-1/DEBUG] (Fabric|Loader) Adding file:/E:/minecraft/plugins/antennae1.12/.gradle/loom-cache/remapped_mods/fabric-textures-v0-1.0.4+821cdba7d2@net.fabricmc.yarn.20w19a.20w19a+build.4-v2.jar as ModCandidate{fabric-textures-v0@1.0.4+821cdba7d2}
[14:47:54] [ForkJoinPool-1-worker-1/DEBUG] (Fabric|Loader) Searching for nested JARs in ModCandidate{fabric-textures-v0@1.0.4+821cdba7d2}
[14:47:54] [ForkJoinPool-1-worker-1/DEBUG] (Fabric|Loader) Testing file:/E:/minecraft/plugins/antennae1.12/.gradle/loom-cache/remapped_mods/fabric-networking-blockentity-v0-0.2.5+b50ffc7bd2@net.fabricmc.yarn.20w19a.20w19a+build.4-v2.jar
[14:47:54] [ForkJoinPool-1-worker-3/DEBUG] (Fabric|Loader) Adding file:/E:/minecraft/plugins/antennae1.12/.gradle/loom-cache/remapped_mods/fabric-loot-tables-v1-0.1.6+2f56dff2d2@net.fabricmc.yarn.20w19a.20w19a+build.4-v2.jar as ModCandidate{fabric-loot-tables-v1@0.1.6+2f56dff2d2}
[14:47:54] [ForkJoinPool-1-worker-3/DEBUG] (Fabric|Loader) Searching for nested JARs in ModCandidate{fabric-loot-tables-v1@0.1.6+2f56dff2d2}
[14:47:54] [ForkJoinPool-1-worker-3/DEBUG] (Fabric|Loader) Testing file:/E:/minecraft/plugins/antennae1.12/.gradle/loom-cache/remapped_mods/fabric-api-0.10.5+build.341-1.16@net.fabricmc.yarn.20w19a.20w19a+build.4-v2.jar
[14:47:54] [ForkJoinPool-1-worker-2/DEBUG] (Fabric|Loader) Adding file:/E:/minecraft/plugins/antennae1.12/.gradle/loom-cache/remapped_mods/fabric-resource-loader-v0-0.1.14+2fd224cad2@net.fabricmc.yarn.20w19a.20w19a+build.4-v2.jar as ModCandidate{fabric-resource-loader-v0@0.1.14+2fd224cad2}
[14:47:54] [ForkJoinPool-1-worker-2/DEBUG] (Fabric|Loader) Searching for nested JARs in ModCandidate{fabric-resource-loader-v0@0.1.14+2fd224cad2}
[14:47:54] [ForkJoinPool-1-worker-2/DEBUG] (Fabric|Loader) Testing file:/E:/minecraft/plugins/antennae1.12/.gradle/loom-cache/remapped_mods/fabric-mining-levels-v0-0.1.2+b764ce99d2@net.fabricmc.yarn.20w19a.20w19a+build.4-v2.jar
[14:47:54] [ForkJoinPool-1-worker-3/DEBUG] (Fabric|Loader) Adding file:/E:/minecraft/plugins/antennae1.12/.gradle/loom-cache/remapped_mods/fabric-api-0.10.5+build.341-1.16@net.fabricmc.yarn.20w19a.20w19a+build.4-v2.jar as ModCandidate{fabric@0.10.5+build.341-1.16}
[14:47:54] [ForkJoinPool-1-worker-3/DEBUG] (Fabric|Loader) Searching for nested JARs in ModCandidate{fabric@0.10.5+build.341-1.16}
[14:47:54] [ForkJoinPool-1-worker-3/DEBUG] (Fabric|Loader) Testing file:/E:/minecraft/plugins/antennae1.12/.gradle/loom-cache/remapped_mods/fabric-networking-v0-0.1.9+1a47cd78d2@net.fabricmc.yarn.20w19a.20w19a+build.4-v2.jar
[14:47:54] [ForkJoinPool-1-worker-1/DEBUG] (Fabric|Loader) Adding file:/E:/minecraft/plugins/antennae1.12/.gradle/loom-cache/remapped_mods/fabric-networking-blockentity-v0-0.2.5+b50ffc7bd2@net.fabricmc.yarn.20w19a.20w19a+build.4-v2.jar as ModCandidate{fabric-networking-blockentity-v0@0.2.5+b50ffc7bd2}
[14:47:54] [ForkJoinPool-1-worker-1/DEBUG] (Fabric|Loader) Searching for nested JARs in ModCandidate{fabric-networking-blockentity-v0@0.2.5+b50ffc7bd2}
[14:47:54] [ForkJoinPool-1-worker-1/DEBUG] (Fabric|Loader) Testing file:/E:/minecraft/plugins/antennae1.12/.gradle/loom-cache/remapped_mods/fabric-registry-sync-v0-0.3.1+686e6e57d2@net.fabricmc.yarn.20w19a.20w19a+build.4-v2.jar
[14:47:54] [ForkJoinPool-1-worker-3/DEBUG] (Fabric|Loader) Adding file:/E:/minecraft/plugins/antennae1.12/.gradle/loom-cache/remapped_mods/fabric-networking-v0-0.1.9+1a47cd78d2@net.fabricmc.yarn.20w19a.20w19a+build.4-v2.jar as ModCandidate{fabric-networking-v0@0.1.9+1a47cd78d2}
[14:47:54] [ForkJoinPool-1-worker-3/DEBUG] (Fabric|Loader) Searching for nested JARs in ModCandidate{fabric-networking-v0@0.1.9+1a47cd78d2}
[14:47:54] [ForkJoinPool-1-worker-3/DEBUG] (Fabric|Loader) Testing file:/E:/minecraft/plugins/antennae1.12/.gradle/loom-cache/remapped_mods/fabric-rendering-v1-1.1.0+304e48ebd2@net.fabricmc.yarn.20w19a.20w19a+build.4-v2.jar
[14:47:54] [ForkJoinPool-1-worker-2/DEBUG] (Fabric|Loader) Adding file:/E:/minecraft/plugins/antennae1.12/.gradle/loom-cache/remapped_mods/fabric-mining-levels-v0-0.1.2+b764ce99d2@net.fabricmc.yarn.20w19a.20w19a+build.4-v2.jar as ModCandidate{fabric-mining-levels-v0@0.1.2+b764ce99d2}
[14:47:54] [ForkJoinPool-1-worker-2/DEBUG] (Fabric|Loader) Searching for nested JARs in ModCandidate{fabric-mining-levels-v0@0.1.2+b764ce99d2}
[14:47:54] [ForkJoinPool-1-worker-2/DEBUG] (Fabric|Loader) Testing file:/E:/minecraft/plugins/antennae1.12/.gradle/loom-cache/remapped_mods/fabric-object-builder-api-v1-1.1.0+84cce57fd2@net.fabricmc.yarn.20w19a.20w19a+build.4-v2.jar
[14:47:54] [ForkJoinPool-1-worker-1/DEBUG] (Fabric|Loader) Adding file:/E:/minecraft/plugins/antennae1.12/.gradle/loom-cache/remapped_mods/fabric-registry-sync-v0-0.3.1+686e6e57d2@net.fabricmc.yarn.20w19a.20w19a+build.4-v2.jar as ModCandidate{fabric-registry-sync-v0@0.3.1+686e6e57d2}
[14:47:54] [ForkJoinPool-1-worker-1/DEBUG] (Fabric|Loader) Searching for nested JARs in ModCandidate{fabric-registry-sync-v0@0.3.1+686e6e57d2}
[14:47:54] [ForkJoinPool-1-worker-1/DEBUG] (Fabric|Loader) Testing file:/E:/minecraft/plugins/antennae1.12/.gradle/loom-cache/remapped_mods/fabric-tag-extensions-v0-0.2.4+2fd224cad2@net.fabricmc.yarn.20w19a.20w19a+build.4-v2.jar
[14:47:54] [ForkJoinPool-1-worker-2/DEBUG] (Fabric|Loader) Adding file:/E:/minecraft/plugins/antennae1.12/.gradle/loom-cache/remapped_mods/fabric-object-builder-api-v1-1.1.0+84cce57fd2@net.fabricmc.yarn.20w19a.20w19a+build.4-v2.jar as ModCandidate{fabric-object-builder-api-v1@1.1.0+84cce57fd2}
[14:47:54] [ForkJoinPool-1-worker-2/DEBUG] (Fabric|Loader) Searching for nested JARs in ModCandidate{fabric-object-builder-api-v1@1.1.0+84cce57fd2}
[14:47:54] [ForkJoinPool-1-worker-2/DEBUG] (Fabric|Loader) Testing file:/E:/minecraft/plugins/antennae1.12/.gradle/loom-cache/remapped_mods/fabric-keybindings-v0-0.1.1+dfdb52d6d2@net.fabricmc.yarn.20w19a.20w19a+build.4-v2.jar
[14:47:54] [ForkJoinPool-1-worker-1/DEBUG] (Fabric|Loader) Adding file:/E:/minecraft/plugins/antennae1.12/.gradle/loom-cache/remapped_mods/fabric-tag-extensions-v0-0.2.4+2fd224cad2@net.fabricmc.yarn.20w19a.20w19a+build.4-v2.jar as ModCandidate{fabric-tag-extensions-v0@0.2.4+2fd224cad2}
[14:47:54] [ForkJoinPool-1-worker-1/DEBUG] (Fabric|Loader) Searching for nested JARs in ModCandidate{fabric-tag-extensions-v0@0.2.4+2fd224cad2}
[14:47:54] [ForkJoinPool-1-worker-1/DEBUG] (Fabric|Loader) Testing file:/E:/minecraft/plugins/antennae1.12/.gradle/loom-cache/remapped_mods/fabric-rendering-data-attachment-v1-0.1.3+b7f9825dd2@net.fabricmc.yarn.20w19a.20w19a+build.4-v2.jar
[14:47:54] [ForkJoinPool-1-worker-2/DEBUG] (Fabric|Loader) Adding file:/E:/minecraft/plugins/antennae1.12/.gradle/loom-cache/remapped_mods/fabric-keybindings-v0-0.1.1+dfdb52d6d2@net.fabricmc.yarn.20w19a.20w19a+build.4-v2.jar as ModCandidate{fabric-keybindings-v0@0.1.1+dfdb52d6d2}
[14:47:54] [ForkJoinPool-1-worker-3/DEBUG] (Fabric|Loader) Adding file:/E:/minecraft/plugins/antennae1.12/.gradle/loom-cache/remapped_mods/fabric-rendering-v1-1.1.0+304e48ebd2@net.fabricmc.yarn.20w19a.20w19a+build.4-v2.jar as ModCandidate{fabric-rendering-v1@1.1.0+304e48ebd2}
[14:47:54] [ForkJoinPool-1-worker-2/DEBUG] (Fabric|Loader) Searching for nested JARs in ModCandidate{fabric-keybindings-v0@0.1.1+dfdb52d6d2}
[14:47:54] [ForkJoinPool-1-worker-3/DEBUG] (Fabric|Loader) Searching for nested JARs in ModCandidate{fabric-rendering-v1@1.1.0+304e48ebd2}
[14:47:54] [ForkJoinPool-1-worker-2/DEBUG] (Fabric|Loader) Testing file:/E:/minecraft/plugins/antennae1.12/.gradle/loom-cache/remapped_mods/fabric-renderer-indigo-0.2.29+6c0e72dfd2@net.fabricmc.yarn.20w19a.20w19a+build.4-v2.jar
[14:47:54] [ForkJoinPool-1-worker-3/DEBUG] (Fabric|Loader) Testing file:/E:/minecraft/plugins/antennae1.12/.gradle/loom-cache/remapped_mods/fabric-blockrenderlayer-v1-1.1.4+c6a8ea89d2@net.fabricmc.yarn.20w19a.20w19a+build.4-v2.jar
[14:47:54] [ForkJoinPool-1-worker-1/DEBUG] (Fabric|Loader) Adding file:/E:/minecraft/plugins/antennae1.12/.gradle/loom-cache/remapped_mods/fabric-rendering-data-attachment-v1-0.1.3+b7f9825dd2@net.fabricmc.yarn.20w19a.20w19a+build.4-v2.jar as ModCandidate{fabric-rendering-data-attachment-v1@0.1.3+b7f9825dd2}
[14:47:54] [ForkJoinPool-1-worker-1/DEBUG] (Fabric|Loader) Searching for nested JARs in ModCandidate{fabric-rendering-data-attachment-v1@0.1.3+b7f9825dd2}
[14:47:54] [ForkJoinPool-1-worker-1/DEBUG] (Fabric|Loader) Testing file:/E:/minecraft/plugins/antennae1.12/.gradle/loom-cache/remapped_mods/fabric-particles-v1-0.1.2+12a8474cd2@net.fabricmc.yarn.20w19a.20w19a+build.4-v2.jar
[14:47:54] [ForkJoinPool-1-worker-2/DEBUG] (Fabric|Loader) Adding file:/E:/minecraft/plugins/antennae1.12/.gradle/loom-cache/remapped_mods/fabric-renderer-indigo-0.2.29+6c0e72dfd2@net.fabricmc.yarn.20w19a.20w19a+build.4-v2.jar as ModCandidate{fabric-renderer-indigo@0.2.29+6c0e72dfd2}
[14:47:54] [ForkJoinPool-1-worker-2/DEBUG] (Fabric|Loader) Searching for nested JARs in ModCandidate{fabric-renderer-indigo@0.2.29+6c0e72dfd2}
[14:47:54] [ForkJoinPool-1-worker-2/DEBUG] (Fabric|Loader) Testing file:/E:/minecraft/plugins/antennae1.12/.gradle/loom-cache/remapped_mods/fabric-content-registries-v0-0.1.5+88afe607d2@net.fabricmc.yarn.20w19a.20w19a+build.4-v2.jar
[14:47:54] [ForkJoinPool-1-worker-3/DEBUG] (Fabric|Loader) Adding file:/E:/minecraft/plugins/antennae1.12/.gradle/loom-cache/remapped_mods/fabric-blockrenderlayer-v1-1.1.4+c6a8ea89d2@net.fabricmc.yarn.20w19a.20w19a+build.4-v2.jar as ModCandidate{fabric-blockrenderlayer-v1@1.1.4+c6a8ea89d2}
[14:47:54] [ForkJoinPool-1-worker-3/DEBUG] (Fabric|Loader) Searching for nested JARs in ModCandidate{fabric-blockrenderlayer-v1@1.1.4+c6a8ea89d2}
[14:47:54] [ForkJoinPool-1-worker-3/DEBUG] (Fabric|Loader) Testing file:/E:/minecraft/plugins/antennae1.12/.gradle/loom-cache/remapped_mods/fabric-api-base-0.1.3+12a8474cd2@net.fabricmc.yarn.20w19a.20w19a+build.4-v2.jar
[14:47:54] [ForkJoinPool-1-worker-2/DEBUG] (Fabric|Loader) Adding file:/E:/minecraft/plugins/antennae1.12/.gradle/loom-cache/remapped_mods/fabric-content-registries-v0-0.1.5+88afe607d2@net.fabricmc.yarn.20w19a.20w19a+build.4-v2.jar as ModCandidate{fabric-content-registries-v0@0.1.5+88afe607d2}
[14:47:54] [ForkJoinPool-1-worker-2/DEBUG] (Fabric|Loader) Searching for nested JARs in ModCandidate{fabric-content-registries-v0@0.1.5+88afe607d2}
[14:47:54] [ForkJoinPool-1-worker-2/DEBUG] (Fabric|Loader) Testing file:/E:/minecraft/plugins/antennae1.12/.gradle/loom-cache/remapped_mods/fabric-renderer-registries-v1-2.0.1+5a0f9a60d2@net.fabricmc.yarn.20w19a.20w19a+build.4-v2.jar
[14:47:54] [ForkJoinPool-1-worker-1/DEBUG] (Fabric|Loader) Adding file:/E:/minecraft/plugins/antennae1.12/.gradle/loom-cache/remapped_mods/fabric-particles-v1-0.1.2+12a8474cd2@net.fabricmc.yarn.20w19a.20w19a+build.4-v2.jar as ModCandidate{fabric-particles-v1@0.1.2+12a8474cd2}
[14:47:54] [ForkJoinPool-1-worker-1/DEBUG] (Fabric|Loader) Searching for nested JARs in ModCandidate{fabric-particles-v1@0.1.2+12a8474cd2}
[14:47:54] [ForkJoinPool-1-worker-1/DEBUG] (Fabric|Loader) Testing file:/E:/minecraft/plugins/antennae1.12/.gradle/loom-cache/remapped_mods/fabric-crash-report-info-v1-0.1.2+b7f9825dd2@net.fabricmc.yarn.20w19a.20w19a+build.4-v2.jar
[14:47:54] [ForkJoinPool-1-worker-2/DEBUG] (Fabric|Loader) Adding file:/E:/minecraft/plugins/antennae1.12/.gradle/loom-cache/remapped_mods/fabric-renderer-registries-v1-2.0.1+5a0f9a60d2@net.fabricmc.yarn.20w19a.20w19a+build.4-v2.jar as ModCandidate{fabric-renderer-registries-v1@2.0.1+5a0f9a60d2}
[14:47:54] [ForkJoinPool-1-worker-2/DEBUG] (Fabric|Loader) Searching for nested JARs in ModCandidate{fabric-renderer-registries-v1@2.0.1+5a0f9a60d2}
[14:47:54] [ForkJoinPool-1-worker-2/DEBUG] (Fabric|Loader) Testing file:/E:/minecraft/plugins/antennae1.12/.gradle/loom-cache/remapped_mods/fabric-command-api-v1-1.0.1+fcb6b9aad2@net.fabricmc.yarn.20w19a.20w19a+build.4-v2.jar
[14:47:54] [ForkJoinPool-1-worker-2/DEBUG] (Fabric|Loader) Adding file:/E:/minecraft/plugins/antennae1.12/.gradle/loom-cache/remapped_mods/fabric-command-api-v1-1.0.1+fcb6b9aad2@net.fabricmc.yarn.20w19a.20w19a+build.4-v2.jar as ModCandidate{fabric-command-api-v1@1.0.1+fcb6b9aad2}
[14:47:54] [ForkJoinPool-1-worker-2/DEBUG] (Fabric|Loader) Searching for nested JARs in ModCandidate{fabric-command-api-v1@1.0.1+fcb6b9aad2}
[14:47:54] [ForkJoinPool-1-worker-2/DEBUG] (Fabric|Loader) Testing file:/E:/minecraft/plugins/antennae1.12/.gradle/loom-cache/remapped_mods/fabric-tool-attribute-api-v1-1.0.4+fa840743d2@net.fabricmc.yarn.20w19a.20w19a+build.4-v2.jar
[14:47:54] [ForkJoinPool-1-worker-3/DEBUG] (Fabric|Loader) Adding file:/E:/minecraft/plugins/antennae1.12/.gradle/loom-cache/remapped_mods/fabric-api-base-0.1.3+12a8474cd2@net.fabricmc.yarn.20w19a.20w19a+build.4-v2.jar as ModCandidate{fabric-api-base@0.1.3+12a8474cd2}
[14:47:54] [ForkJoinPool-1-worker-3/DEBUG] (Fabric|Loader) Searching for nested JARs in ModCandidate{fabric-api-base@0.1.3+12a8474cd2}
[14:47:54] [ForkJoinPool-1-worker-3/DEBUG] (Fabric|Loader) Testing file:/E:/minecraft/plugins/antennae1.12/.gradle/loom-cache/remapped_mods/fabric-commands-v0-0.2.0+52d30836d2@net.fabricmc.yarn.20w19a.20w19a+build.4-v2.jar
[14:47:54] [ForkJoinPool-1-worker-2/DEBUG] (Fabric|Loader) Adding file:/E:/minecraft/plugins/antennae1.12/.gradle/loom-cache/remapped_mods/fabric-tool-attribute-api-v1-1.0.4+fa840743d2@net.fabricmc.yarn.20w19a.20w19a+build.4-v2.jar as ModCandidate{fabric-tool-attribute-api-v1@1.0.4+fa840743d2}
[14:47:54] [ForkJoinPool-1-worker-2/DEBUG] (Fabric|Loader) Searching for nested JARs in ModCandidate{fabric-tool-attribute-api-v1@1.0.4+fa840743d2}
[14:47:54] [ForkJoinPool-1-worker-2/DEBUG] (Fabric|Loader) Testing file:/E:/minecraft/plugins/antennae1.12/.gradle/loom-cache/remapped_mods/fabric-rendering-fluids-v1-0.1.7+12a8474cd2@net.fabricmc.yarn.20w19a.20w19a+build.4-v2.jar
[14:47:54] [ForkJoinPool-1-worker-3/DEBUG] (Fabric|Loader) Adding file:/E:/minecraft/plugins/antennae1.12/.gradle/loom-cache/remapped_mods/fabric-commands-v0-0.2.0+52d30836d2@net.fabricmc.yarn.20w19a.20w19a+build.4-v2.jar as ModCandidate{fabric-commands-v0@0.2.0+52d30836d2}
[14:47:54] [ForkJoinPool-1-worker-3/DEBUG] (Fabric|Loader) Searching for nested JARs in ModCandidate{fabric-commands-v0@0.2.0+52d30836d2}
[14:47:54] [ForkJoinPool-1-worker-3/DEBUG] (Fabric|Loader) Testing file:/E:/minecraft/plugins/antennae1.12/.gradle/loom-cache/remapped_mods/fabric-object-builders-v0-0.5.0+bf7c167ad2@net.fabricmc.yarn.20w19a.20w19a+build.4-v2.jar
[14:47:54] [ForkJoinPool-1-worker-1/DEBUG] (Fabric|Loader) Adding file:/E:/minecraft/plugins/antennae1.12/.gradle/loom-cache/remapped_mods/fabric-crash-report-info-v1-0.1.2+b7f9825dd2@net.fabricmc.yarn.20w19a.20w19a+build.4-v2.jar as ModCandidate{fabric-crash-report-info-v1@0.1.2+b7f9825dd2}
[14:47:54] [ForkJoinPool-1-worker-1/DEBUG] (Fabric|Loader) Searching for nested JARs in ModCandidate{fabric-crash-report-info-v1@0.1.2+b7f9825dd2}
[14:47:54] [ForkJoinPool-1-worker-1/DEBUG] (Fabric|Loader) Testing file:/E:/minecraft/plugins/antennae1.12/.gradle/loom-cache/remapped_mods/fabric-loader-0.8.2+build.194@net.fabricmc.yarn.20w19a.20w19a+build.4-v2.jar
[14:47:54] [ForkJoinPool-1-worker-3/DEBUG] (Fabric|Loader) Adding file:/E:/minecraft/plugins/antennae1.12/.gradle/loom-cache/remapped_mods/fabric-object-builders-v0-0.5.0+bf7c167ad2@net.fabricmc.yarn.20w19a.20w19a+build.4-v2.jar as ModCandidate{fabric-object-builders-v0@0.5.0+bf7c167ad2}
[14:47:54] [ForkJoinPool-1-worker-3/DEBUG] (Fabric|Loader) Searching for nested JARs in ModCandidate{fabric-object-builders-v0@0.5.0+bf7c167ad2}
[14:47:54] [ForkJoinPool-1-worker-3/DEBUG] (Fabric|Loader) Testing file:/E:/minecraft/plugins/antennae1.12/.gradle/loom-cache/remapped_mods/fabric-events-lifecycle-v0-0.1.2+1a47cd78d2@net.fabricmc.yarn.20w19a.20w19a+build.4-v2.jar
[14:47:54] [ForkJoinPool-1-worker-3/DEBUG] (Fabric|Loader) Adding file:/E:/minecraft/plugins/antennae1.12/.gradle/loom-cache/remapped_mods/fabric-events-lifecycle-v0-0.1.2+1a47cd78d2@net.fabricmc.yarn.20w19a.20w19a+build.4-v2.jar as ModCandidate{fabric-events-lifecycle-v0@0.1.2+1a47cd78d2}
[14:47:54] [ForkJoinPool-1-worker-3/DEBUG] (Fabric|Loader) Searching for nested JARs in ModCandidate{fabric-events-lifecycle-v0@0.1.2+1a47cd78d2}
[14:47:54] [ForkJoinPool-1-worker-3/DEBUG] (Fabric|Loader) Testing file:/E:/minecraft/plugins/antennae1.12/.gradle/loom-cache/remapped_mods/fabric-dimensions-v1-0.4.1+686e6e57d2@net.fabricmc.yarn.20w19a.20w19a+build.4-v2.jar
[14:47:54] [ForkJoinPool-1-worker-1/DEBUG] (Fabric|Loader) Adding file:/E:/minecraft/plugins/antennae1.12/.gradle/loom-cache/remapped_mods/fabric-loader-0.8.2+build.194@net.fabricmc.yarn.20w19a.20w19a+build.4-v2.jar as ModCandidate{fabricloader@0.8.2+build.194}
[14:47:54] [ForkJoinPool-1-worker-1/DEBUG] (Fabric|Loader) Searching for nested JARs in ModCandidate{fabricloader@0.8.2+build.194}
[14:47:54] [ForkJoinPool-1-worker-3/DEBUG] (Fabric|Loader) Adding file:/E:/minecraft/plugins/antennae1.12/.gradle/loom-cache/remapped_mods/fabric-dimensions-v1-0.4.1+686e6e57d2@net.fabricmc.yarn.20w19a.20w19a+build.4-v2.jar as ModCandidate{fabric-dimensions-v1@0.4.1+686e6e57d2}
[14:47:54] [ForkJoinPool-1-worker-3/DEBUG] (Fabric|Loader) Searching for nested JARs in ModCandidate{fabric-dimensions-v1@0.4.1+686e6e57d2}
[14:47:54] [ForkJoinPool-1-worker-2/DEBUG] (Fabric|Loader) Adding file:/E:/minecraft/plugins/antennae1.12/.gradle/loom-cache/remapped_mods/fabric-rendering-fluids-v1-0.1.7+12a8474cd2@net.fabricmc.yarn.20w19a.20w19a+build.4-v2.jar as ModCandidate{fabric-rendering-fluids-v1@0.1.7+12a8474cd2}
[14:47:54] [ForkJoinPool-1-worker-2/DEBUG] (Fabric|Loader) Searching for nested JARs in ModCandidate{fabric-rendering-fluids-v1@0.1.7+12a8474cd2}
[14:47:54] [main/DEBUG] (Fabric|Loader) Mod resolution detection time: 564ms
[14:47:54] [main/DEBUG] (Fabric|Loader) Mod resolution time: 32ms
[14:47:54] [main/INFO] (Fabric|Loader) [FabricLoader] Loading 37 mods: fabric-networking-blockentity-v0@0.2.5+b50ffc7bd2, fabric-renderer-api-v1@0.2.13+84cce57fd2, minecraft@1.16-alpha.20.19.a, fabric-keybindings-v0@0.1.1+dfdb52d6d2, fabric-command-api-v1@1.0.1+fcb6b9aad2, fabricloader@0.8.2+build.194, fabric-tool-attribute-api-v1@1.0.4+fa840743d2, fabric-renderer-indigo@0.2.29+6c0e72dfd2, fabric-containers-v0@0.1.7+d249f7b6d2, fabric-object-builder-api-v1@1.1.0+84cce57fd2, fabric-dimensions-v1@0.4.1+686e6e57d2, fabric-biomes-v1@0.2.2+2fd224cad2, fabric-events-interaction-v0@0.3.0+04b99794d2, fabric-crash-report-info-v1@0.1.2+b7f9825dd2, fabric-api-base@0.1.3+12a8474cd2, fabric-rendering-v0@1.1.0+53410490d2, fabric-rendering-v1@1.1.0+304e48ebd2, fabric-rendering-data-attachment-v1@0.1.3+b7f9825dd2, fabric-resource-loader-v0@0.1.14+2fd224cad2, fabric-textures-v0@1.0.4+821cdba7d2, fabric-content-registries-v0@0.1.5+88afe607d2, fabric-tag-extensions-v0@0.2.4+2fd224cad2, fabric-rendering-fluids-v1@0.1.7+12a8474cd2, fabric-registry-sync-v0@0.3.1+686e6e57d2, fabric-commands-v0@0.2.0+52d30836d2, fabric-blockrenderlayer-v1@1.1.4+c6a8ea89d2, fabric-mining-levels-v0@0.1.2+b764ce99d2, fabric-renderer-registries-v1@2.0.1+5a0f9a60d2, fabric-loot-tables-v1@0.1.6+2f56dff2d2, fabric-events-lifecycle-v0@0.1.2+1a47cd78d2, antennae@1.2.2, fabric@0.10.5+build.341-1.16, fabric-models-v0@0.1.0+dfdb52d6d2, fabric-item-groups-v0@0.1.12+63435d4bd2, fabric-particles-v1@0.1.2+12a8474cd2, fabric-networking-v0@0.1.9+1a47cd78d2, fabric-object-builders-v0@0.5.0+bf7c167ad2
[14:47:54] [main/DEBUG] (FabricLoader) [Knot] Proposed file:/E:/minecraft/plugins/antennae1.12/.gradle/loom-cache/remapped_mods/fabric-networking-blockentity-v0-0.2.5+b50ffc7bd2@net.fabricmc.yarn.20w19a.20w19a+build.4-v2.jar to classpath.
[14:47:54] [main/DEBUG] (FabricLoader) [Knot] Proposed file:/E:/minecraft/plugins/antennae1.12/.gradle/loom-cache/remapped_mods/fabric-renderer-api-v1-0.2.13+84cce57fd2@net.fabricmc.yarn.20w19a.20w19a+build.4-v2.jar to classpath.
[14:47:54] [main/DEBUG] (FabricLoader) [Knot] Proposed file:/C:/Users/Administrator/.gradle/caches/fabric-loom/20w19a-mapped-net.fabricmc.yarn-20w19a+build.4-v2/minecraft-20w19a-mapped-net.fabricmc.yarn-20w19a+build.4-v2.jar to classpath.
[14:47:54] [main/DEBUG] (FabricLoader) [Knot] Proposed file:/E:/minecraft/plugins/antennae1.12/.gradle/loom-cache/remapped_mods/fabric-keybindings-v0-0.1.1+dfdb52d6d2@net.fabricmc.yarn.20w19a.20w19a+build.4-v2.jar to classpath.
[14:47:54] [main/DEBUG] (FabricLoader) [Knot] Proposed file:/E:/minecraft/plugins/antennae1.12/.gradle/loom-cache/remapped_mods/fabric-command-api-v1-1.0.1+fcb6b9aad2@net.fabricmc.yarn.20w19a.20w19a+build.4-v2.jar to classpath.
[14:47:54] [main/DEBUG] (FabricLoader) [Knot] Proposed file:/E:/minecraft/plugins/antennae1.12/.gradle/loom-cache/remapped_mods/fabric-tool-attribute-api-v1-1.0.4+fa840743d2@net.fabricmc.yarn.20w19a.20w19a+build.4-v2.jar to classpath.
[14:47:54] [main/DEBUG] (FabricLoader) [Knot] Proposed file:/E:/minecraft/plugins/antennae1.12/.gradle/loom-cache/remapped_mods/fabric-renderer-indigo-0.2.29+6c0e72dfd2@net.fabricmc.yarn.20w19a.20w19a+build.4-v2.jar to classpath.
[14:47:54] [main/DEBUG] (FabricLoader) [Knot] Proposed file:/E:/minecraft/plugins/antennae1.12/.gradle/loom-cache/remapped_mods/fabric-containers-v0-0.1.7+d249f7b6d2@net.fabricmc.yarn.20w19a.20w19a+build.4-v2.jar to classpath.
[14:47:54] [main/DEBUG] (FabricLoader) [Knot] Proposed file:/E:/minecraft/plugins/antennae1.12/.gradle/loom-cache/remapped_mods/fabric-object-builder-api-v1-1.1.0+84cce57fd2@net.fabricmc.yarn.20w19a.20w19a+build.4-v2.jar to classpath.
[14:47:54] [main/DEBUG] (FabricLoader) [Knot] Proposed file:/E:/minecraft/plugins/antennae1.12/.gradle/loom-cache/remapped_mods/fabric-dimensions-v1-0.4.1+686e6e57d2@net.fabricmc.yarn.20w19a.20w19a+build.4-v2.jar to classpath.
[14:47:54] [main/DEBUG] (FabricLoader) [Knot] Proposed file:/E:/minecraft/plugins/antennae1.12/.gradle/loom-cache/remapped_mods/fabric-biomes-v1-0.2.2+2fd224cad2@net.fabricmc.yarn.20w19a.20w19a+build.4-v2.jar to classpath.
[14:47:54] [main/DEBUG] (FabricLoader) [Knot] Proposed file:/E:/minecraft/plugins/antennae1.12/.gradle/loom-cache/remapped_mods/fabric-events-interaction-v0-0.3.0+04b99794d2@net.fabricmc.yarn.20w19a.20w19a+build.4-v2.jar to classpath.
[14:47:54] [main/DEBUG] (FabricLoader) [Knot] Proposed file:/E:/minecraft/plugins/antennae1.12/.gradle/loom-cache/remapped_mods/fabric-crash-report-info-v1-0.1.2+b7f9825dd2@net.fabricmc.yarn.20w19a.20w19a+build.4-v2.jar to classpath.
[14:47:54] [main/DEBUG] (FabricLoader) [Knot] Proposed file:/E:/minecraft/plugins/antennae1.12/.gradle/loom-cache/remapped_mods/fabric-api-base-0.1.3+12a8474cd2@net.fabricmc.yarn.20w19a.20w19a+build.4-v2.jar to classpath.
[14:47:54] [main/DEBUG] (FabricLoader) [Knot] Proposed file:/E:/minecraft/plugins/antennae1.12/.gradle/loom-cache/remapped_mods/fabric-rendering-v0-1.1.0+53410490d2@net.fabricmc.yarn.20w19a.20w19a+build.4-v2.jar to classpath.
[14:47:54] [main/DEBUG] (FabricLoader) [Knot] Proposed file:/E:/minecraft/plugins/antennae1.12/.gradle/loom-cache/remapped_mods/fabric-rendering-v1-1.1.0+304e48ebd2@net.fabricmc.yarn.20w19a.20w19a+build.4-v2.jar to classpath.
[14:47:54] [main/DEBUG] (FabricLoader) [Knot] Proposed file:/E:/minecraft/plugins/antennae1.12/.gradle/loom-cache/remapped_mods/fabric-rendering-data-attachment-v1-0.1.3+b7f9825dd2@net.fabricmc.yarn.20w19a.20w19a+build.4-v2.jar to classpath.
[14:47:54] [main/DEBUG] (FabricLoader) [Knot] Proposed file:/E:/minecraft/plugins/antennae1.12/.gradle/loom-cache/remapped_mods/fabric-resource-loader-v0-0.1.14+2fd224cad2@net.fabricmc.yarn.20w19a.20w19a+build.4-v2.jar to classpath.
[14:47:54] [main/DEBUG] (FabricLoader) [Knot] Proposed file:/E:/minecraft/plugins/antennae1.12/.gradle/loom-cache/remapped_mods/fabric-textures-v0-1.0.4+821cdba7d2@net.fabricmc.yarn.20w19a.20w19a+build.4-v2.jar to classpath.
[14:47:54] [main/DEBUG] (FabricLoader) [Knot] Proposed file:/E:/minecraft/plugins/antennae1.12/.gradle/loom-cache/remapped_mods/fabric-content-registries-v0-0.1.5+88afe607d2@net.fabricmc.yarn.20w19a.20w19a+build.4-v2.jar to classpath.
[14:47:54] [main/DEBUG] (FabricLoader) [Knot] Proposed file:/E:/minecraft/plugins/antennae1.12/.gradle/loom-cache/remapped_mods/fabric-tag-extensions-v0-0.2.4+2fd224cad2@net.fabricmc.yarn.20w19a.20w19a+build.4-v2.jar to classpath.
[14:47:54] [main/DEBUG] (FabricLoader) [Knot] Proposed file:/E:/minecraft/plugins/antennae1.12/.gradle/loom-cache/remapped_mods/fabric-rendering-fluids-v1-0.1.7+12a8474cd2@net.fabricmc.yarn.20w19a.20w19a+build.4-v2.jar to classpath.
[14:47:54] [main/DEBUG] (FabricLoader) [Knot] Proposed file:/E:/minecraft/plugins/antennae1.12/.gradle/loom-cache/remapped_mods/fabric-registry-sync-v0-0.3.1+686e6e57d2@net.fabricmc.yarn.20w19a.20w19a+build.4-v2.jar to classpath.
[14:47:54] [main/DEBUG] (FabricLoader) [Knot] Proposed file:/E:/minecraft/plugins/antennae1.12/.gradle/loom-cache/remapped_mods/fabric-commands-v0-0.2.0+52d30836d2@net.fabricmc.yarn.20w19a.20w19a+build.4-v2.jar to classpath.
[14:47:54] [main/DEBUG] (FabricLoader) [Knot] Proposed file:/E:/minecraft/plugins/antennae1.12/.gradle/loom-cache/remapped_mods/fabric-blockrenderlayer-v1-1.1.4+c6a8ea89d2@net.fabricmc.yarn.20w19a.20w19a+build.4-v2.jar to classpath.
[14:47:54] [main/DEBUG] (FabricLoader) [Knot] Proposed file:/E:/minecraft/plugins/antennae1.12/.gradle/loom-cache/remapped_mods/fabric-mining-levels-v0-0.1.2+b764ce99d2@net.fabricmc.yarn.20w19a.20w19a+build.4-v2.jar to classpath.
[14:47:54] [main/DEBUG] (FabricLoader) [Knot] Proposed file:/E:/minecraft/plugins/antennae1.12/.gradle/loom-cache/remapped_mods/fabric-renderer-registries-v1-2.0.1+5a0f9a60d2@net.fabricmc.yarn.20w19a.20w19a+build.4-v2.jar to classpath.
[14:47:54] [main/DEBUG] (FabricLoader) [Knot] Proposed file:/E:/minecraft/plugins/antennae1.12/.gradle/loom-cache/remapped_mods/fabric-loot-tables-v1-0.1.6+2f56dff2d2@net.fabricmc.yarn.20w19a.20w19a+build.4-v2.jar to classpath.
[14:47:54] [main/DEBUG] (FabricLoader) [Knot] Proposed file:/E:/minecraft/plugins/antennae1.12/.gradle/loom-cache/remapped_mods/fabric-events-lifecycle-v0-0.1.2+1a47cd78d2@net.fabricmc.yarn.20w19a.20w19a+build.4-v2.jar to classpath.
[14:47:54] [main/DEBUG] (FabricLoader) [Knot] Proposed file:/E:/minecraft/plugins/antennae1.12/out/production/antennae1.12/ to classpath.
[14:47:54] [main/DEBUG] (FabricLoader) [Knot] Proposed file:/E:/minecraft/plugins/antennae1.12/.gradle/loom-cache/remapped_mods/fabric-api-0.10.5+build.341-1.16@net.fabricmc.yarn.20w19a.20w19a+build.4-v2.jar to classpath.
[14:47:54] [main/DEBUG] (FabricLoader) [Knot] Proposed file:/E:/minecraft/plugins/antennae1.12/.gradle/loom-cache/remapped_mods/fabric-models-v0-0.1.0+dfdb52d6d2@net.fabricmc.yarn.20w19a.20w19a+build.4-v2.jar to classpath.
[14:47:54] [main/DEBUG] (FabricLoader) [Knot] Proposed file:/E:/minecraft/plugins/antennae1.12/.gradle/loom-cache/remapped_mods/fabric-item-groups-v0-0.1.12+63435d4bd2@net.fabricmc.yarn.20w19a.20w19a+build.4-v2.jar to classpath.
[14:47:54] [main/DEBUG] (FabricLoader) [Knot] Proposed file:/E:/minecraft/plugins/antennae1.12/.gradle/loom-cache/remapped_mods/fabric-particles-v1-0.1.2+12a8474cd2@net.fabricmc.yarn.20w19a.20w19a+build.4-v2.jar to classpath.
[14:47:54] [main/DEBUG] (FabricLoader) [Knot] Proposed file:/E:/minecraft/plugins/antennae1.12/.gradle/loom-cache/remapped_mods/fabric-networking-v0-0.1.9+1a47cd78d2@net.fabricmc.yarn.20w19a.20w19a+build.4-v2.jar to classpath.
[14:47:54] [main/DEBUG] (FabricLoader) [Knot] Proposed file:/E:/minecraft/plugins/antennae1.12/.gradle/loom-cache/remapped_mods/fabric-object-builders-v0-0.5.0+bf7c167ad2@net.fabricmc.yarn.20w19a.20w19a+build.4-v2.jar to classpath.
[14:47:55] [main/DEBUG] (Fabric|Loader) Registering new-style initializer net.fabricmc.fabric.impl.client.indigo.Indigo for mod fabric-renderer-indigo (key client)
[14:47:55] [main/DEBUG] (Fabric|Loader) Registering new-style initializer net.fabricmc.fabric.impl.client.container.ScreenProviderRegistryImpl::init for mod fabric-containers-v0 (key client)
[14:47:55] [main/DEBUG] (Fabric|Loader) Registering new-style initializer net.fabricmc.fabric.impl.dimension.FabricDimensionClientInit::onClientInit for mod fabric-dimensions-v1 (key client)
[14:47:55] [main/DEBUG] (Fabric|Loader) Registering new-style initializer net.fabricmc.fabric.impl.event.interaction.InteractionEventsRouterClient for mod fabric-events-interaction-v0 (key client)
[14:47:55] [main/DEBUG] (Fabric|Loader) Registering new-style initializer net.fabricmc.fabric.impl.event.interaction.InteractionEventsRouter for mod fabric-events-interaction-v0 (key main)
[14:47:55] [main/DEBUG] (Fabric|Loader) Registering new-style initializer net.fabricmc.fabric.impl.client.rendering.RenderingCallbackInvoker for mod fabric-rendering-v0 (key client)
[14:47:55] [main/DEBUG] (Fabric|Loader) Registering new-style initializer net.fabricmc.fabric.impl.registry.sync.FabricRegistryClientInit for mod fabric-registry-sync-v0 (key client)
[14:47:55] [main/DEBUG] (Fabric|Loader) Registering new-style initializer net.lawaxi.antennae.Antennae for mod antennae (key main)
[14:47:55] [main/DEBUG] (FabricLoader) Loading mappings took 587 ms
[14:47:55] [main/DEBUG] (mixin) Mixin bootstrap service org.spongepowered.asm.service.mojang.MixinServiceLaunchWrapperBootstrap is not available: LaunchWrapper is not available
[14:47:55] [main/DEBUG] (mixin) Mixin bootstrap service org.spongepowered.asm.service.modlauncher.MixinServiceModLauncherBootstrap is not available: ModLauncher is not available
[14:47:55] [main/DEBUG] (mixin) MixinService [ModLauncher] is not valid
[14:47:55] [main/DEBUG] (mixin) MixinService [Knot/Fabric] was successfully booted in sun.misc.Launcher$AppClassLoader@18b4aac2
[14:47:55] [main/INFO] (mixin) SpongePowered MIXIN Subsystem Version=0.8 Source=file:/C:/Users/Administrator/.gradle/caches/modules-2/files-2.1/net.fabricmc/sponge-mixin/0.8+build.18/af077ad2845a00cde186fa2c99c4dd32bd2a2766/sponge-mixin-0.8+build.18.jar Service=Knot/Fabric Env=CLIENT
[14:47:55] [main/DEBUG] (mixin) Initialising Mixin Platform Manager
[14:47:55] [main/DEBUG] (mixin) Adding mixin platform agents for container ContainerHandleURI(file:/E:/minecraft/plugins/antennae1.12/.gradle/loom-cache/remapped_mods/fabric-loader-0.8.2+build.194@net.fabricmc.yarn.20w19a.20w19a+build.4-v2.jar)
[14:47:55] [main/DEBUG] (mixin) Instancing new MixinPlatformAgentDefault for ContainerHandleURI(file:/E:/minecraft/plugins/antennae1.12/.gradle/loom-cache/remapped_mods/fabric-loader-0.8.2+build.194@net.fabricmc.yarn.20w19a.20w19a+build.4-v2.jar)
[14:47:55] [main/DEBUG] (mixin) MixinPlatformAgentDefault accepted container ContainerHandleURI(file:/E:/minecraft/plugins/antennae1.12/.gradle/loom-cache/remapped_mods/fabric-loader-0.8.2+build.194@net.fabricmc.yarn.20w19a.20w19a+build.4-v2.jar)
[14:47:55] [main/DEBUG] (mixin) Instancing new MixinPlatformAgentDefault for ContainerHandleURI(file:/E:/minecraft/plugins/antennae1.12/.gradle/loom-cache/remapped_mods/fabric-loader-0.8.2+build.194@net.fabricmc.yarn.20w19a.20w19a+build.4-v2.jar)
[14:47:55] [main/DEBUG] (mixin) MixinPlatformAgentDefault accepted container ContainerHandleURI(file:/E:/minecraft/plugins/antennae1.12/.gradle/loom-cache/remapped_mods/fabric-loader-0.8.2+build.194@net.fabricmc.yarn.20w19a.20w19a+build.4-v2.jar)
[14:47:55] [main/DEBUG] (mixin) Processing prepare() for PlatformAgent[MixinPlatformAgentDefault:ContainerHandleURI(file:/E:/minecraft/plugins/antennae1.12/.gradle/loom-cache/remapped_mods/fabric-loader-0.8.2+build.194@net.fabricmc.yarn.20w19a.20w19a+build.4-v2.jar)]
[14:47:55] [main/DEBUG] (mixin) Processing prepare() for PlatformAgent[MixinPlatformAgentDefault:ContainerHandleURI(file:/E:/minecraft/plugins/antennae1.12/.gradle/loom-cache/remapped_mods/fabric-loader-0.8.2+build.194@net.fabricmc.yarn.20w19a.20w19a+build.4-v2.jar)]
[14:47:56] [main/INFO] (Fabric|MixinBootstrap) Loaded Fabric development mappings for mixin remapper!
[14:47:56] [main/DEBUG] (mixin) Mixin config fabric-networking-v0.mixins.json does not specify "minVersion" property
[14:47:56] [main/DEBUG] (mixin) Mixin config fabric-networking-blockentity-v0.mixins.json does not specify "minVersion" property
[14:47:56] [main/DEBUG] (mixin) Mixin config fabric-biomes-v1.mixins.json does not specify "minVersion" property
[14:47:56] [main/DEBUG] (mixin) Mixin config fabric-containers-v0.mixins.json does not specify "minVersion" property
[14:47:56] [main/DEBUG] (mixin) Mixin config fabric-renderer-indigo.mixins.json does not specify "minVersion" property
[14:47:56] [main/DEBUG] (mixin) Mixin config fabric-rendering-data-attachment-v1.mixins.json does not specify "minVersion" property
[14:47:56] [main/DEBUG] (mixin) Mixin config fabric-events-interaction-v0.mixins.json does not specify "minVersion" property
[14:47:56] [main/DEBUG] (mixin) Mixin config fabric-loot-tables-v1.mixins.json does not specify "minVersion" property
[14:47:56] [main/DEBUG] (mixin) Mixin config fabric-object-builder-v1.mixins.json does not specify "minVersion" property
[14:47:56] [main/DEBUG] (mixin) Mixin config fabric-dimensions-v1.mixins.json does not specify "minVersion" property
[14:47:56] [main/DEBUG] (mixin) Mixin config fabric-renderer-registries-v1.mixins.json does not specify "minVersion" property
[14:47:56] [main/DEBUG] (mixin) Mixin config fabric-textures-v0.mixins.json does not specify "minVersion" property
[14:47:56] [main/DEBUG] (mixin) Mixin config fabric-registry-sync-v0.mixins.json does not specify "minVersion" property
[14:47:56] [main/DEBUG] (mixin) Mixin config fabric-models-v0.mixins.json does not specify "minVersion" property
[14:47:56] [main/DEBUG] (mixin) Mixin config fabric-keybindings-v0.mixins.json does not specify "minVersion" property
[14:47:56] [main/DEBUG] (mixin) Mixin config fabric-blockrenderlayer-v1.mixins.json does not specify "minVersion" property
[14:47:56] [main/DEBUG] (mixin) Mixin config fabric-renderer-api-v1.debughud.mixins.json does not specify "minVersion" property
[14:47:56] [main/DEBUG] (mixin) Mixin config fabric-containers-v0.accurate.mixins.json does not specify "minVersion" property
[14:47:56] [main/DEBUG] (mixin) Mixin config fabric-events-lifecycle-v0.mixins.json does not specify "minVersion" property
[14:47:56] [main/DEBUG] (mixin) Mixin config fabric-rendering-fluids-v1.mixins.json does not specify "minVersion" property
[14:47:56] [main/DEBUG] (mixin) Mixin config fabric-resource-loader-v0.mixins.json does not specify "minVersion" property
[14:47:56] [main/DEBUG] (mixin) Mixin config fabric-particles-v1.mixins.json does not specify "minVersion" property
[14:47:56] [main/DEBUG] (mixin) Mixin config fabric-object-builders-v0.mixins.json does not specify "minVersion" property
[14:47:56] [main/DEBUG] (mixin) Mixin config fabric-tag-extensions-v0.mixins.json does not specify "minVersion" property
[14:47:56] [main/DEBUG] (mixin) Mixin config fabric-tool-attribute-api-v1.mixins.json does not specify "minVersion" property
[14:47:56] [main/DEBUG] (mixin) Mixin config fabric-rendering-v1.mixins.json does not specify "minVersion" property
[14:47:56] [main/DEBUG] (mixin) Mixin config fabric-item-groups-v0.mixins.json does not specify "minVersion" property
[14:47:56] [main/DEBUG] (mixin) Mixin config fabric-content-registries-v0.mixins.json does not specify "minVersion" property
[14:47:56] [main/DEBUG] (mixin) Mixin config fabric-command-api-v1.mixins.json does not specify "minVersion" property
[14:47:56] [main/DEBUG] (mixin) Mixin config fabric-crash-report-info-v1.mixins.json does not specify "minVersion" property
[14:47:56] [main/DEBUG] (mixin) Mixin config fabric-renderer-api-v1.mixins.json does not specify "minVersion" property
[14:47:57] [main/DEBUG] (mixin) Error cleaning class output directory: .mixin.out\class: failed to delete one or more files; see suppressed exceptions for details
[14:47:57] [main/DEBUG] (Fabric|Loader) No subscribers for entrypoint 'preLaunch'
[14:47:57] [main/DEBUG] (mixin) Preparing mixins for MixinEnvironment[DEFAULT]
[14:47:57] [main/DEBUG] (mixin) Selecting config fabric-networking-v0.mixins.json
[14:47:57] [main/INFO] (mixin) Remapping refMap fabric-networking-v0-refmap.json using remapper chain
[14:47:57] [main/DEBUG] (mixin) Selecting config fabric-networking-blockentity-v0.mixins.json
[14:47:57] [main/INFO] (mixin) Remapping refMap fabric-networking-blockentity-v0-refmap.json using remapper chain
[14:47:57] [main/DEBUG] (mixin) Selecting config fabric-biomes-v1.mixins.json
[14:47:57] [main/INFO] (mixin) Remapping refMap fabric-biomes-v1-refmap.json using remapper chain
[14:47:57] [main/DEBUG] (mixin) Selecting config fabric-containers-v0.mixins.json
[14:47:57] [main/INFO] (mixin) Remapping refMap fabric-containers-v0-refmap.json using remapper chain
[14:47:57] [main/DEBUG] (mixin) Selecting config fabric-renderer-indigo.mixins.json
[14:47:57] [main/INFO] (mixin) Remapping refMap fabric-renderer-indigo-refmap.json using remapper chain
[14:47:57] [main/DEBUG] (mixin) Selecting config fabric-rendering-data-attachment-v1.mixins.json
[14:47:57] [main/INFO] (mixin) Remapping refMap fabric-rendering-data-attachment-v1-refmap.json using remapper chain
[14:47:57] [main/DEBUG] (mixin) Selecting config fabric-events-interaction-v0.mixins.json
[14:47:57] [main/INFO] (mixin) Remapping refMap fabric-events-interaction-v0-refmap.json using remapper chain
[14:47:57] [main/DEBUG] (mixin) Selecting config fabric-loot-tables-v1.mixins.json
[14:47:57] [main/INFO] (mixin) Remapping refMap fabric-loot-tables-v1-refmap.json using remapper chain
[14:47:57] [main/DEBUG] (mixin) Selecting config fabric-object-builder-v1.mixins.json
[14:47:57] [main/INFO] (mixin) Remapping refMap fabric-object-builder-api-v1-refmap.json using remapper chain
[14:47:57] [main/DEBUG] (mixin) Selecting config fabric-dimensions-v1.mixins.json
[14:47:57] [main/INFO] (mixin) Remapping refMap fabric-dimensions-v1-refmap.json using remapper chain
[14:47:57] [main/DEBUG] (mixin) Selecting config fabric-renderer-registries-v1.mixins.json
[14:47:57] [main/INFO] (mixin) Remapping refMap fabric-renderer-registries-v1-refmap.json using remapper chain
[14:47:57] [main/DEBUG] (mixin) Selecting config fabric-textures-v0.mixins.json
[14:47:57] [main/INFO] (mixin) Remapping refMap fabric-textures-v0-refmap.json using remapper chain
[14:47:57] [main/DEBUG] (mixin) Selecting config fabric-registry-sync-v0.mixins.json
[14:47:57] [main/INFO] (mixin) Remapping refMap fabric-registry-sync-v0-refmap.json using remapper chain
[14:47:57] [main/DEBUG] (mixin) Selecting config fabric-models-v0.mixins.json
[14:47:57] [main/INFO] (mixin) Remapping refMap fabric-models-v0-refmap.json using remapper chain
[14:47:57] [main/DEBUG] (mixin) Selecting config fabric-keybindings-v0.mixins.json
[14:47:57] [main/INFO] (mixin) Remapping refMap fabric-keybindings-v0-refmap.json using remapper chain
[14:47:57] [main/DEBUG] (mixin) Selecting config fabric-blockrenderlayer-v1.mixins.json
[14:47:57] [main/INFO] (mixin) Remapping refMap fabric-blockrenderlayer-v1-refmap.json using remapper chain
[14:47:57] [main/DEBUG] (mixin) Selecting config fabric-renderer-api-v1.debughud.mixins.json
[14:47:57] [main/INFO] (mixin) Remapping refMap fabric-renderer-api-v1-refmap.json using remapper chain
[14:47:57] [main/DEBUG] (mixin) Selecting config fabric-containers-v0.accurate.mixins.json
[14:47:57] [main/INFO] (mixin) Remapping refMap fabric-containers-v0-refmap.json using remapper chain
[14:47:57] [main/DEBUG] (mixin) Selecting config fabric-events-lifecycle-v0.mixins.json
[14:47:57] [main/INFO] (mixin) Remapping refMap fabric-events-lifecycle-v0-refmap.json using remapper chain
[14:47:57] [main/DEBUG] (mixin) Selecting config fabric-rendering-fluids-v1.mixins.json
[14:47:57] [main/INFO] (mixin) Remapping refMap fabric-rendering-fluids-v1-refmap.json using remapper chain
[14:47:57] [main/DEBUG] (mixin) Selecting config modid.mixins.json
[14:47:57] [main/DEBUG] (mixin) Selecting config fabric-resource-loader-v0.mixins.json
[14:47:57] [main/INFO] (mixin) Remapping refMap fabric-resource-loader-v0-refmap.json using remapper chain
[14:47:57] [main/DEBUG] (mixin) Selecting config fabric-particles-v1.mixins.json
[14:47:57] [main/INFO] (mixin) Remapping refMap fabric-particles-v1-refmap.json using remapper chain
[14:47:57] [main/DEBUG] (mixin) Selecting config fabric-object-builders-v0.mixins.json
[14:47:57] [main/INFO] (mixin) Remapping refMap fabric-object-builders-refmap.json using remapper chain
[14:47:57] [main/DEBUG] (mixin) Selecting config fabric-tag-extensions-v0.mixins.json
[14:47:57] [main/INFO] (mixin) Remapping refMap fabric-tag-extensions-v0-refmap.json using remapper chain
[14:47:57] [main/DEBUG] (mixin) Selecting config fabric-tool-attribute-api-v1.mixins.json
[14:47:57] [main/INFO] (mixin) Remapping refMap fabric-tool-attribute-api-v1-refmap.json using remapper chain
[14:47:57] [main/DEBUG] (mixin) Selecting config fabric-rendering-v1.mixins.json
[14:47:57] [main/INFO] (mixin) Remapping refMap fabric-rendering-v1-refmap.json using remapper chain
[14:47:57] [main/DEBUG] (mixin) Selecting config fabric-item-groups-v0.mixins.json
[14:47:57] [main/INFO] (mixin) Remapping refMap fabric-item-groups-v0-refmap.json using remapper chain
[14:47:57] [main/DEBUG] (mixin) Selecting config fabric-content-registries-v0.mixins.json
[14:47:57] [main/INFO] (mixin) Remapping refMap fabric-content-registries-v0-refmap.json using remapper chain
[14:47:57] [main/DEBUG] (mixin) Selecting config fabric-command-api-v1.mixins.json
[14:47:57] [main/INFO] (mixin) Remapping refMap fabric-command-api-v1-refmap.json using remapper chain
[14:47:57] [main/DEBUG] (mixin) Selecting config fabric-crash-report-info-v1.mixins.json
[14:47:57] [main/INFO] (mixin) Remapping refMap fabric-crash-report-info-v1-refmap.json using remapper chain
[14:47:57] [main/DEBUG] (mixin) Selecting config fabric-renderer-api-v1.mixins.json
[14:47:57] [main/INFO] (mixin) Remapping refMap fabric-renderer-api-v1-refmap.json using remapper chain
[14:47:57] [main/DEBUG] (mixin) Preparing fabric-networking-v0.mixins.json (7)
[14:47:58] [main/DEBUG] (mixin) Preparing fabric-networking-blockentity-v0.mixins.json (2)
[14:47:58] [main/DEBUG] (mixin) Preparing fabric-biomes-v1.mixins.json (7)
[14:47:58] [main/DEBUG] (mixin) Preparing fabric-containers-v0.mixins.json (1)
[14:47:58] [main/DEBUG] (mixin) Preparing fabric-renderer-indigo.mixins.json (7)
[14:47:58] [main/DEBUG] (mixin) Preparing fabric-rendering-data-attachment-v1.mixins.json (3)
[14:47:58] [main/DEBUG] (mixin) Preparing fabric-events-interaction-v0.mixins.json (5)
[14:47:58] [main/DEBUG] (mixin) Preparing fabric-loot-tables-v1.mixins.json (5)
[14:47:58] [main/DEBUG] (mixin) Preparing fabric-object-builder-v1.mixins.json (7)
[14:47:58] [main/DEBUG] (mixin) Preparing fabric-dimensions-v1.mixins.json (9)
[14:47:58] [main/DEBUG] (mixin) Preparing fabric-renderer-registries-v1.mixins.json (2)
[14:47:58] [main/DEBUG] (mixin) Preparing fabric-textures-v0.mixins.json (1)
[14:47:58] [main/DEBUG] (mixin) Preparing fabric-registry-sync-v0.mixins.json (10)
[14:47:58] [main/DEBUG] (mixin) Preparing fabric-models-v0.mixins.json (1)
[14:47:58] [main/DEBUG] (mixin) Preparing fabric-keybindings-v0.mixins.json (3)
[14:47:58] [main/DEBUG] (mixin) Preparing fabric-blockrenderlayer-v1.mixins.json (1)
[14:47:58] [main/DEBUG] (mixin) Preparing fabric-renderer-api-v1.debughud.mixins.json (1)
[14:47:58] [main/DEBUG] (mixin) Preparing fabric-containers-v0.accurate.mixins.json (1)
[14:47:58] [main/DEBUG] (mixin) Preparing fabric-events-lifecycle-v0.mixins.json (4)
[14:47:58] [main/DEBUG] (mixin) Preparing fabric-rendering-fluids-v1.mixins.json (1)
[14:47:58] [main/DEBUG] (mixin) Preparing modid.mixins.json (4)
[14:47:58] [main/DEBUG] (mixin) Preparing fabric-resource-loader-v0.mixins.json (7)
[14:47:58] [main/DEBUG] (mixin) Preparing fabric-particles-v1.mixins.json (1)
[14:47:58] [main/DEBUG] (mixin) Preparing fabric-object-builders-v0.mixins.json (2)
[14:47:58] [main/DEBUG] (mixin) Preparing fabric-tag-extensions-v0.mixins.json (2)
[14:47:58] [main/DEBUG] (mixin) Preparing fabric-tool-attribute-api-v1.mixins.json (3)
[14:47:58] [main/DEBUG] (mixin) Preparing fabric-rendering-v1.mixins.json (5)
[14:47:58] [main/DEBUG] (mixin) Preparing fabric-item-groups-v0.mixins.json (3)
[14:47:58] [main/DEBUG] (mixin) Preparing fabric-content-registries-v0.mixins.json (2)
[14:47:58] [main/DEBUG] (mixin) Preparing fabric-command-api-v1.mixins.json (2)
[14:47:58] [main/DEBUG] (mixin) Preparing fabric-crash-report-info-v1.mixins.json (1)
[14:47:58] [main/DEBUG] (mixin) Preparing fabric-renderer-api-v1.mixins.json (2)
[14:47:58] [main/DEBUG] (mixin) Registering new injector for @Inject with org.spongepowered.asm.mixin.injection.struct.CallbackInjectionInfo
[14:47:58] [main/DEBUG] (mixin) Registering new injector for @ModifyArg with org.spongepowered.asm.mixin.injection.struct.ModifyArgInjectionInfo
[14:47:58] [main/DEBUG] (mixin) Registering new injector for @ModifyArgs with org.spongepowered.asm.mixin.injection.struct.ModifyArgsInjectionInfo
[14:47:58] [main/DEBUG] (mixin) Registering new injector for @Redirect with org.spongepowered.asm.mixin.injection.struct.RedirectInjectionInfo
[14:47:58] [main/DEBUG] (mixin) Registering new injector for @ModifyVariable with org.spongepowered.asm.mixin.injection.struct.ModifyVariableInjectionInfo
[14:47:58] [main/DEBUG] (mixin) Registering new injector for @ModifyConstant with org.spongepowered.asm.mixin.injection.struct.ModifyConstantInjectionInfo
[14:47:59] [main/DEBUG] (mixin) Prepared 111 mixins in 1.346 sec (12.1ms avg) (0ms load, 0ms transform, 0ms plugin)
[14:47:59] [main/DEBUG] (mixin) Mixing MixinLivingEntity from fabric-tool-attribute-api-v1.mixins.json into net.minecraft.entity.LivingEntity
[14:47:59] [main/DEBUG] (mixin) Mixing EntityHooks from fabric-dimensions-v1.mixins.json into net.minecraft.entity.Entity
[14:47:59] [main/DEBUG] (mixin) Mixing MixinEntity from fabric-dimensions-v1.mixins.json into net.minecraft.entity.Entity
[14:47:59] [main/DEBUG] (mixin) Mixing MixinViewableWorld from fabric-rendering-data-attachment-v1.mixins.json into net.minecraft.world.WorldView
[14:47:59] [main/DEBUG] (mixin) Mixing MixinWorld from fabric-dimensions-v1.mixins.json into net.minecraft.world.World
[14:47:59] [main/DEBUG] (mixin) Mixing MixinWorld from fabric-events-lifecycle-v0.mixins.json into net.minecraft.world.World
[14:48:00] [main/DEBUG] (mixin) Mixing MixinCrashReport from fabric-crash-report-info-v1.mixins.json into net.minecraft.util.crash.CrashReport
[14:48:00] [main/DEBUG] (mixin) Renaming synthetic method lambda$fillSystemDetails$0()Ljava/lang/String; to mdabd614$lambda$fillSystemDetails$0$0 in fabric-crash-report-info-v1.mixins.json:MixinCrashReport
[14:48:01] [main/DEBUG] (mixin) Mixing MixinMinecraftClient from fabric-networking-v0.mixins.json into net.minecraft.client.MinecraftClient
[14:48:01] [main/DEBUG] (mixin) Mixing MixinMinecraftClient from fabric-events-interaction-v0.mixins.json into net.minecraft.client.MinecraftClient
[14:48:01] [main/DEBUG] (mixin) Mixing client.MixinMinecraftClient from fabric-registry-sync-v0.mixins.json into net.minecraft.client.MinecraftClient
[14:48:01] [main/DEBUG] (mixin) Mixing MixinMinecraftClient from fabric-events-lifecycle-v0.mixins.json into net.minecraft.client.MinecraftClient
[14:48:01] [main/DEBUG] (mixin) Mixing MixinMinecraftGame from fabric-resource-loader-v0.mixins.json into net.minecraft.client.MinecraftClient
[14:48:01] [main/DEBUG] (mixin) Mixing SplashScreenMixin from modid.mixins.json into net.minecraft.client.gui.screen.SplashScreen
[14:48:01] [main/DEBUG] (mixin) Mixing MixinDefaultResourcePack from fabric-resource-loader-v0.mixins.json into net.minecraft.resource.DefaultResourcePack
[14:48:02] [main/INFO] (com.mojang.authlib.yggdrasil.YggdrasilAuthenticationService) Environment: authHost='https://authserver.mojang.com', accountsHost='https://api.mojang.com', sessionHost='https://sessionserver.mojang.com', name='PROD'
[14:48:02] [main/INFO] (net.minecraft.client.MinecraftClient) Setting user: Player470
[14:48:02] [main/DEBUG] (mixin) Mixing MixinBootstrap from fabric-registry-sync-v0.mixins.json into net.minecraft.Bootstrap
[14:48:02] [main/DEBUG] (mixin) Renaming synthetic method lambda$initialize$1(Lnet/minecraft/fluid/Fluid;)Ljava/util/Collection; to mdabd614$lambda$initialize$1$0 in fabric-registry-sync-v0.mixins.json:MixinBootstrap
[14:48:02] [main/DEBUG] (mixin) Renaming synthetic method lambda$initialize$0(Lnet/minecraft/block/Block;)Ljava/util/Collection; to mdabd614$lambda$initialize$0$1 in fabric-registry-sync-v0.mixins.json:MixinBootstrap
[14:48:02] [main/DEBUG] (mixin) Mixing MixinIdRegistry from fabric-registry-sync-v0.mixins.json into net.minecraft.util.registry.SimpleRegistry
[14:48:02] [main/DEBUG] (mixin) Renaming synthetic method lambda$new$5([Lnet/fabricmc/fabric/api/event/registry/RegistryIdRemapCallback;)Lnet/fabricmc/fabric/api/event/registry/RegistryIdRemapCallback; to mdabd614$lambda$new$5$0 in fabric-registry-sync-v0.mixins.json:MixinIdRegistry
[14:48:02] [main/DEBUG] (mixin) Renaming synthetic method lambda$null$4([Lnet/fabricmc/fabric/api/event/registry/RegistryIdRemapCallback;Lnet/fabricmc/fabric/api/event/registry/RegistryIdRemapCallback$RemapState;)V to mdabd614$lambda$null$4$1 in fabric-registry-sync-v0.mixins.json:MixinIdRegistry
[14:48:02] [main/DEBUG] (mixin) Renaming synthetic method lambda$new$3([Lnet/fabricmc/fabric/api/event/registry/RegistryEntryRemovedCallback;)Lnet/fabricmc/fabric/api/event/registry/RegistryEntryRemovedCallback; to mdabd614$lambda$new$3$2 in fabric-registry-sync-v0.mixins.json:MixinIdRegistry
[14:48:02] [main/DEBUG] (mixin) Renaming synthetic method lambda$null$2([Lnet/fabricmc/fabric/api/event/registry/RegistryEntryRemovedCallback;ILnet/minecraft/util/Identifier;Ljava/lang/Object;)V to mdabd614$lambda$null$2$3 in fabric-registry-sync-v0.mixins.json:MixinIdRegistry
[14:48:02] [main/DEBUG] (mixin) Renaming synthetic method lambda$new$1([Lnet/fabricmc/fabric/api/event/registry/RegistryEntryAddedCallback;)Lnet/fabricmc/fabric/api/event/registry/RegistryEntryAddedCallback; to mdabd614$lambda$new$1$4 in fabric-registry-sync-v0.mixins.json:MixinIdRegistry
[14:48:02] [main/DEBUG] (mixin) Renaming synthetic method lambda$null$0([Lnet/fabricmc/fabric/api/event/registry/RegistryEntryAddedCallback;ILnet/minecraft/util/Identifier;Ljava/lang/Object;)V to mdabd614$lambda$null$0$5 in fabric-registry-sync-v0.mixins.json:MixinIdRegistry
[14:48:02] [main/DEBUG] (mixin) Mixing MixinBlock from fabric-object-builder-v1.mixins.json into net.minecraft.block.Block
[14:48:02] [main/DEBUG] (mixin) Mixing AbstractBlockAccessor from fabric-object-builder-v1.mixins.json into net.minecraft.block.AbstractBlock
[14:48:02] [main/DEBUG] (mixin) Mixing MixinItem from fabric-object-builders-v0.mixins.json into net.minecraft.item.Item
[14:48:02] [main/DEBUG] (mixin) Mixing idremap.MixinDimensionRawIndexFix from fabric-dimensions-v1.mixins.json into net.minecraft.world.dimension.DimensionType
[14:48:02] [main/DEBUG] (mixin) Mixing MixinIdList from fabric-registry-sync-v0.mixins.json into net.minecraft.util.collection.IdList
[14:48:02] [main/DEBUG] (mixin) Renaming synthetic method lambda$fabric_remapIds$0(Lit/unimi/dsi/fastutil/ints/Int2IntMap;Ljava/lang/Object;Ljava/lang/Integer;)Ljava/lang/Integer; to mdabd614$lambda$fabric_remapIds$0$0 in fabric-registry-sync-v0.mixins.json:MixinIdList
[14:48:03] [main/DEBUG] (mixin) Mixing MixinFireBlock from fabric-content-registries-v0.mixins.json into net.minecraft.block.FireBlock
[14:48:03] [main/DEBUG] (mixin) Mixing MaterialBuilderAccessor from fabric-object-builder-v1.mixins.json into net.minecraft.block.Material$Builder
[14:48:03] [main/DEBUG] (mixin) Mixing AbstractBlockSettingsAccessor from fabric-object-builder-v1.mixins.json into net.minecraft.block.AbstractBlock$Settings
[14:48:03] [main/DEBUG] (mixin) Mixing AbstractBlockSettingsMixin from fabric-object-builder-v1.mixins.json into net.minecraft.block.AbstractBlock$Settings
[14:48:04] [main/DEBUG] (mixin) Mixing MixinBlockEntity from fabric-networking-blockentity-v0.mixins.json into net.minecraft.block.entity.BlockEntity
[14:48:04] [main/DEBUG] (mixin) Mixing MixinBlockEntity from fabric-rendering-data-attachment-v1.mixins.json into net.minecraft.block.entity.BlockEntity
[14:48:04] [main/DEBUG] (mixin) Mixing MixinAbstractFurnaceBlockEntity from fabric-content-registries-v0.mixins.json into net.minecraft.block.entity.AbstractFurnaceBlockEntity
[14:48:09] [main/DEBUG] (mixin) Mixing ServerPlayerEntityAccessor from fabric-containers-v0.mixins.json into net.minecraft.server.network.ServerPlayerEntity
[14:48:09] [main/DEBUG] (mixin) Mixing MixinServerPlayerEntity from fabric-events-interaction-v0.mixins.json into net.minecraft.server.network.ServerPlayerEntity
[14:48:09] [main/DEBUG] (mixin) Mixing MixinServerPlayerEntity from fabric-containers-v0.accurate.mixins.json into net.minecraft.server.network.ServerPlayerEntity
[14:48:10] [main/DEBUG] (mixin) Mixing MixinItemGroup from fabric-item-groups-v0.mixins.json into net.minecraft.item.ItemGroup
[14:48:10] [main/DEBUG] (mixin) Mixing client.MixinItemGroup from fabric-item-groups-v0.mixins.json into net.minecraft.item.ItemGroup
[14:48:10] [main/DEBUG] (mixin) Mixing MixinItemStack from fabric-events-lifecycle-v0.mixins.json into net.minecraft.item.ItemStack
[14:48:10] [main/DEBUG] (mixin) Mixing MixinItemStack from fabric-tool-attribute-api-v1.mixins.json into net.minecraft.item.ItemStack
[14:48:12] [main/DEBUG] (mixin) Mixing MixinBiomeSource from fabric-biomes-v1.mixins.json into net.minecraft.world.biome.source.BiomeSource
[14:48:12] [main/DEBUG] (mixin) Mixing MixinVanillaLayeredBiomeSource from fabric-biomes-v1.mixins.json into net.minecraft.world.biome.source.VanillaLayeredBiomeSource
[14:48:13] [main/DEBUG] (mixin) Mixing MixinTheNetherDimension from fabric-biomes-v1.mixins.json into net.minecraft.world.dimension.TheNetherDimension
[14:48:13] [main/DEBUG] (mixin) Mixing MixinPlayerInventory from fabric-tool-attribute-api-v1.mixins.json into net.minecraft.entity.player.PlayerInventory
[14:48:14] [main/DEBUG] (mixin) Mixing DefaultAttributeRegistryAccessor from fabric-object-builder-v1.mixins.json into net.minecraft.entity.attribute.DefaultAttributeRegistry
[14:48:14] [main/DEBUG] (mixin) Renaming @Accessor method getRegistry()Ljava/util/Map; to getRegistry_$md$abd614$0 in fabric-object-builder-v1.mixins.json:DefaultAttributeRegistryAccessor
[14:48:14] [main/DEBUG] (mixin) Mixing DefaultAttributeRegistryMixin from fabric-object-builder-v1.mixins.json into net.minecraft.entity.attribute.DefaultAttributeRegistry
[14:48:14] [main/DEBUG] (mixin) Mixing MixinKeyBinding from fabric-keybindings-v0.mixins.json into net.minecraft.client.options.KeyBinding
[14:48:14] [main/DEBUG] (mixin) Mixing KeyCodeAccessor from fabric-keybindings-v0.mixins.json into net.minecraft.client.options.KeyBinding
[14:48:14] [main/DEBUG] (Fabric|Loader) Iterating over entrypoint 'main'
[14:48:14] [main/INFO] (net.minecraft.util.logging.PrintStreamLogger) [STDOUT]: 
[14:48:14] [main/INFO] (net.minecraft.util.logging.PrintStreamLogger) [STDOUT]: mc.lawaxi.net /cape
[14:48:14] [main/DEBUG] (Fabric|Loader) Iterating over entrypoint 'client'
[14:48:14] [main/INFO] (net.fabricmc.fabric.impl.client.indigo.Indigo) [Indigo] Registering Indigo renderer!
[14:48:14] [main/DEBUG] (mixin) Mixing MixinSpriteAtlasTexture from fabric-textures-v0.mixins.json into net.minecraft.client.texture.SpriteAtlasTexture
[14:48:14] [main/DEBUG] (mixin) Mixing client.MixinSpriteAtlasTexture from fabric-renderer-api-v1.mixins.json into net.minecraft.client.texture.SpriteAtlasTexture
[14:48:14] [main/DEBUG] (mixin) Mixing MixinItemRenderer from fabric-renderer-indigo.mixins.json into net.minecraft.client.render.item.ItemRenderer
[14:48:15] [main/DEBUG] (mixin) Renaming synthetic method lambda$new$0()Lnet/fabricmc/fabric/impl/client/indigo/renderer/render/ItemRenderContext; to mdabd614$lambda$new$0$0 in fabric-renderer-indigo.mixins.json:MixinItemRenderer
[14:48:15] [main/DEBUG] (mixin) Mixing MixinKeyedResourceReloadListener$Client from fabric-resource-loader-v0.mixins.json into net.minecraft.client.render.item.ItemRenderer
[14:48:15] [main/DEBUG] (mixin) Mixing MixinGameOptions from fabric-keybindings-v0.mixins.json into net.minecraft.client.options.GameOptions
[14:48:16] [main/INFO] (net.minecraft.client.MinecraftClient) Backend library: LWJGL version 3.2.2 build 10
[14:48:17] [main/DEBUG] (mixin) Mixing MixinReloadableResourceManagerImpl from fabric-resource-loader-v0.mixins.json into net.minecraft.resource.ReloadableResourceManagerImpl
[14:48:17] [main/DEBUG] (mixin) Mixing MixinKeyedResourceReloadListener$Client from fabric-resource-loader-v0.mixins.json into net.minecraft.client.resource.language.LanguageManager
[14:48:17] [main/DEBUG] (mixin) Mixing MixinKeyedResourceReloadListener$Client from fabric-resource-loader-v0.mixins.json into net.minecraft.client.texture.TextureManager
[14:48:17] [main/DEBUG] (mixin) Mixing idremap.MixinLevelStorage from fabric-dimensions-v1.mixins.json into net.minecraft.world.level.storage.LevelStorage
[14:48:17] [main/DEBUG] (mixin) Mixing MixinKeyedResourceReloadListener$Client from fabric-resource-loader-v0.mixins.json into net.minecraft.client.sound.SoundLoader
[14:48:17] [main/DEBUG] (mixin) Mixing MixinKeyedResourceReloadListener$Client from fabric-resource-loader-v0.mixins.json into net.minecraft.client.font.FontManager
[14:48:18] [main/DEBUG] (mixin) Mixing client.MixinBlockColorMap from fabric-registry-sync-v0.mixins.json into net.minecraft.client.color.block.BlockColors
[14:48:18] [main/DEBUG] (mixin) Mixing MixinBlockColorMap from fabric-rendering-v1.mixins.json into net.minecraft.client.color.block.BlockColors
[14:48:18] [main/DEBUG] (mixin) Mixing client.MixinItemColorMap from fabric-registry-sync-v0.mixins.json into net.minecraft.client.color.item.ItemColors
[14:48:18] [main/DEBUG] (mixin) Mixing MixinItemColorMap from fabric-rendering-v1.mixins.json into net.minecraft.client.color.item.ItemColors
[14:48:18] [main/DEBUG] (mixin) Mixing MixinKeyedResourceReloadListener$Client from fabric-resource-loader-v0.mixins.json into net.minecraft.client.render.model.BakedModelManager
[14:48:18] [main/DEBUG] (mixin) Mixing client.MixinItemModelMap from fabric-registry-sync-v0.mixins.json into net.minecraft.client.render.item.ItemModels
[14:48:18] [main/DEBUG] (mixin) Mixing MixinEntityRenderDispatcher from fabric-renderer-registries-v1.mixins.json into net.minecraft.client.render.entity.EntityRenderDispatcher
[14:48:18] [main/DEBUG] (mixin) Mixing PlayerEntityRendererMixin from modid.mixins.json into net.minecraft.client.render.entity.PlayerEntityRenderer
[14:48:18] [main/DEBUG] (mixin) Mixing LivingEntityRendererMixin from modid.mixins.json into net.minecraft.client.render.entity.LivingEntityRenderer
[14:48:18] [main/DEBUG] (mixin) Mixing MixinModelLoader from fabric-models-v0.mixins.json into net.minecraft.client.render.model.ModelLoader
[14:48:18] [main/DEBUG] (mixin) Mixing client.MixinBakedModel from fabric-renderer-api-v1.mixins.json into net.minecraft.client.render.model.BakedModel
[14:48:18] [main/DEBUG] (mixin) Mixing MixinKeyedResourceReloadListener$Client from fabric-resource-loader-v0.mixins.json into net.minecraft.client.render.block.BlockRenderManager
[14:48:18] [main/DEBUG] (mixin) Mixing MixinBlockModelRenderer from fabric-renderer-indigo.mixins.json into net.minecraft.client.render.block.BlockModelRenderer
[14:48:18] [main/DEBUG] (mixin) Mixing MixinAmbientOcclusionCalculator from fabric-renderer-indigo.mixins.json into net.minecraft.client.render.block.BlockModelRenderer$AmbientOcclusionCalculator
[14:48:18] [main/DEBUG] (mixin) Mixing MixinFluidRenderer from fabric-rendering-fluids-v1.mixins.json into net.minecraft.client.render.block.FluidRenderer
[14:48:18] [main/DEBUG] (mixin) Mixing MixinKeyedResourceReloadListener$Client from fabric-resource-loader-v0.mixins.json into net.minecraft.client.render.WorldRenderer
[14:48:18] [main/DEBUG] (mixin) Mixing MixinWorldRenderer from fabric-rendering-v1.mixins.json into net.minecraft.client.render.WorldRenderer
[14:48:18] [main/DEBUG] (mixin) Mixing MixinTagImpl from fabric-tag-extensions-v0.mixins.json into net.minecraft.tag.Tag$1
[14:48:18] [main/DEBUG] (mixin) Mixing MixinTagImpl from fabric-tag-extensions-v0.mixins.json into net.minecraft.tag.GlobalTagAccessor$CachedTag
[14:48:19] [main/DEBUG] (mixin) Mixing client.MixinParticleManager from fabric-registry-sync-v0.mixins.json into net.minecraft.client.particle.ParticleManager
[14:48:19] [main/DEBUG] (mixin) Mixing MixinParticleManager from fabric-particles-v1.mixins.json into net.minecraft.client.particle.ParticleManager
[14:48:19] [main/DEBUG] (mixin) Mixing MixinInGameHud from fabric-rendering-v1.mixins.json into net.minecraft.client.gui.hud.InGameHud
[14:48:19] [main/DEBUG] (mixin) Mixing client.MixinDebugHud from fabric-renderer-api-v1.debughud.mixins.json into net.minecraft.client.gui.hud.DebugHud
[14:48:19] [main/INFO] (com.mojang.text2speech.NarratorWindows) Narrator library for x64 successfully loaded
