[14:47:53] [main/INFO] (FabricLoader) Loading for game Minecraft 20w19a
[14:47:54] [main/INFO] (Fabric|Loader) [FabricLoader] Loading 37 mods: fabric-networking-blockentity-v0@0.2.5+b50ffc7bd2, fabric-renderer-api-v1@0.2.13+84cce57fd2, minecraft@1.16-alpha.20.19.a, fabric-keybindings-v0@0.1.1+dfdb52d6d2, fabric-command-api-v1@1.0.1+fcb6b9aad2, fabricloader@0.8.2+build.194, fabric-tool-attribute-api-v1@1.0.4+fa840743d2, fabric-renderer-indigo@0.2.29+6c0e72dfd2, fabric-containers-v0@0.1.7+d249f7b6d2, fabric-object-builder-api-v1@1.1.0+84cce57fd2, fabric-dimensions-v1@0.4.1+686e6e57d2, fabric-biomes-v1@0.2.2+2fd224cad2, fabric-events-interaction-v0@0.3.0+04b99794d2, fabric-crash-report-info-v1@0.1.2+b7f9825dd2, fabric-api-base@0.1.3+12a8474cd2, fabric-rendering-v0@1.1.0+53410490d2, fabric-rendering-v1@1.1.0+304e48ebd2, fabric-rendering-data-attachment-v1@0.1.3+b7f9825dd2, fabric-resource-loader-v0@0.1.14+2fd224cad2, fabric-textures-v0@1.0.4+821cdba7d2, fabric-content-registries-v0@0.1.5+88afe607d2, fabric-tag-extensions-v0@0.2.4+2fd224cad2, fabric-rendering-fluids-v1@0.1.7+12a8474cd2, fabric-registry-sync-v0@0.3.1+686e6e57d2, fabric-commands-v0@0.2.0+52d30836d2, fabric-blockrenderlayer-v1@1.1.4+c6a8ea89d2, fabric-mining-levels-v0@0.1.2+b764ce99d2, fabric-renderer-registries-v1@2.0.1+5a0f9a60d2, fabric-loot-tables-v1@0.1.6+2f56dff2d2, fabric-events-lifecycle-v0@0.1.2+1a47cd78d2, antennae@1.2.2, fabric@0.10.5+build.341-1.16, fabric-models-v0@0.1.0+dfdb52d6d2, fabric-item-groups-v0@0.1.12+63435d4bd2, fabric-particles-v1@0.1.2+12a8474cd2, fabric-networking-v0@0.1.9+1a47cd78d2, fabric-object-builders-v0@0.5.0+bf7c167ad2
[14:47:55] [main/INFO] (mixin) SpongePowered MIXIN Subsystem Version=0.8 Source=file:/C:/Users/Administrator/.gradle/caches/modules-2/files-2.1/net.fabricmc/sponge-mixin/0.8+build.18/af077ad2845a00cde186fa2c99c4dd32bd2a2766/sponge-mixin-0.8+build.18.jar Service=Knot/Fabric Env=CLIENT
[14:47:56] [main/INFO] (Fabric|MixinBootstrap) Loaded Fabric development mappings for mixin remapper!
[14:47:57] [main/INFO] (mixin) Remapping refMap fabric-networking-v0-refmap.json using remapper chain
[14:47:57] [main/INFO] (mixin) Remapping refMap fabric-networking-blockentity-v0-refmap.json using remapper chain
[14:47:57] [main/INFO] (mixin) Remapping refMap fabric-biomes-v1-refmap.json using remapper chain
[14:47:57] [main/INFO] (mixin) Remapping refMap fabric-containers-v0-refmap.json using remapper chain
[14:47:57] [main/INFO] (mixin) Remapping refMap fabric-renderer-indigo-refmap.json using remapper chain
[14:47:57] [main/INFO] (mixin) Remapping refMap fabric-rendering-data-attachment-v1-refmap.json using remapper chain
[14:47:57] [main/INFO] (mixin) Remapping refMap fabric-events-interaction-v0-refmap.json using remapper chain
[14:47:57] [main/INFO] (mixin) Remapping refMap fabric-loot-tables-v1-refmap.json using remapper chain
[14:47:57] [main/INFO] (mixin) Remapping refMap fabric-object-builder-api-v1-refmap.json using remapper chain
[14:47:57] [main/INFO] (mixin) Remapping refMap fabric-dimensions-v1-refmap.json using remapper chain
[14:47:57] [main/INFO] (mixin) Remapping refMap fabric-renderer-registries-v1-refmap.json using remapper chain
[14:47:57] [main/INFO] (mixin) Remapping refMap fabric-textures-v0-refmap.json using remapper chain
[14:47:57] [main/INFO] (mixin) Remapping refMap fabric-registry-sync-v0-refmap.json using remapper chain
[14:47:57] [main/INFO] (mixin) Remapping refMap fabric-models-v0-refmap.json using remapper chain
[14:47:57] [main/INFO] (mixin) Remapping refMap fabric-keybindings-v0-refmap.json using remapper chain
[14:47:57] [main/INFO] (mixin) Remapping refMap fabric-blockrenderlayer-v1-refmap.json using remapper chain
[14:47:57] [main/INFO] (mixin) Remapping refMap fabric-renderer-api-v1-refmap.json using remapper chain
[14:47:57] [main/INFO] (mixin) Remapping refMap fabric-containers-v0-refmap.json using remapper chain
[14:47:57] [main/INFO] (mixin) Remapping refMap fabric-events-lifecycle-v0-refmap.json using remapper chain
[14:47:57] [main/INFO] (mixin) Remapping refMap fabric-rendering-fluids-v1-refmap.json using remapper chain
[14:47:57] [main/INFO] (mixin) Remapping refMap fabric-resource-loader-v0-refmap.json using remapper chain
[14:47:57] [main/INFO] (mixin) Remapping refMap fabric-particles-v1-refmap.json using remapper chain
[14:47:57] [main/INFO] (mixin) Remapping refMap fabric-object-builders-refmap.json using remapper chain
[14:47:57] [main/INFO] (mixin) Remapping refMap fabric-tag-extensions-v0-refmap.json using remapper chain
[14:47:57] [main/INFO] (mixin) Remapping refMap fabric-tool-attribute-api-v1-refmap.json using remapper chain
[14:47:57] [main/INFO] (mixin) Remapping refMap fabric-rendering-v1-refmap.json using remapper chain
[14:47:57] [main/INFO] (mixin) Remapping refMap fabric-item-groups-v0-refmap.json using remapper chain
[14:47:57] [main/INFO] (mixin) Remapping refMap fabric-content-registries-v0-refmap.json using remapper chain
[14:47:57] [main/INFO] (mixin) Remapping refMap fabric-command-api-v1-refmap.json using remapper chain
[14:47:57] [main/INFO] (mixin) Remapping refMap fabric-crash-report-info-v1-refmap.json using remapper chain
[14:47:57] [main/INFO] (mixin) Remapping refMap fabric-renderer-api-v1-refmap.json using remapper chain
[14:48:02] [main/INFO] (Minecraft) Environment: authHost='https://authserver.mojang.com', accountsHost='https://api.mojang.com', sessionHost='https://sessionserver.mojang.com', name='PROD'
[14:48:02] [main/INFO] (Minecraft) Setting user: Player470
[14:48:14] [main/INFO] (Minecraft) [STDOUT]: 啦哇嘻触角模组
[14:48:14] [main/INFO] (Minecraft) [STDOUT]: 您可以正版登录前往mc.lawaxi.net 使用/cape指令设置您的披风
[14:48:14] [main/INFO] (Indigo) [Indigo] Registering Indigo renderer!
[14:48:16] [main/INFO] (Minecraft) Backend library: LWJGL version 3.2.2 build 10
[14:48:19] [main/INFO] (Minecraft) Narrator library for x64 successfully loaded
